mode: set
github.com/vmware-tanzu/tanzu-source-controller/main.go:44.13,49.2 2 0
github.com/vmware-tanzu/tanzu-source-controller/main.go:51.13,104.16 21 0
github.com/vmware-tanzu/tanzu-source-controller/main.go:104.16,107.3 2 0
github.com/vmware-tanzu/tanzu-source-controller/main.go:109.2,114.43 2 0
github.com/vmware-tanzu/tanzu-source-controller/main.go:114.43,117.3 2 0
github.com/vmware-tanzu/tanzu-source-controller/main.go:119.2,125.43 1 0
github.com/vmware-tanzu/tanzu-source-controller/main.go:125.43,128.3 2 0
github.com/vmware-tanzu/tanzu-source-controller/main.go:129.2,132.26 1 0
github.com/vmware-tanzu/tanzu-source-controller/main.go:132.26,135.3 2 0
github.com/vmware-tanzu/tanzu-source-controller/main.go:139.2,139.69 1 0
github.com/vmware-tanzu/tanzu-source-controller/main.go:139.69,142.3 2 0
github.com/vmware-tanzu/tanzu-source-controller/main.go:143.2,143.67 1 0
github.com/vmware-tanzu/tanzu-source-controller/main.go:143.67,146.3 2 0
github.com/vmware-tanzu/tanzu-source-controller/main.go:149.2,152.39 3 0
github.com/vmware-tanzu/tanzu-source-controller/main.go:152.39,155.3 2 0
github.com/vmware-tanzu/tanzu-source-controller/apis/source/v1alpha1/artifact_types.go:54.55,55.15 1 0
github.com/vmware-tanzu/tanzu-source-controller/apis/source/v1alpha1/artifact_types.go:55.15,57.3 1 0
github.com/vmware-tanzu/tanzu-source-controller/apis/source/v1alpha1/artifact_types.go:58.2,58.32 1 0
github.com/vmware-tanzu/tanzu-source-controller/apis/source/v1alpha1/artifact_types.go:63.55,66.2 2 0
github.com/vmware-tanzu/tanzu-source-controller/apis/source/v1alpha1/artifact_types.go:70.66,72.2 1 0
github.com/vmware-tanzu/tanzu-source-controller/apis/source/v1alpha1/imagerepository_lifecycle.go:38.68,40.2 1 0
github.com/vmware-tanzu/tanzu-source-controller/apis/source/v1alpha1/imagerepository_lifecycle.go:42.75,44.2 1 0
github.com/vmware-tanzu/tanzu-source-controller/apis/source/v1alpha1/imagerepository_lifecycle.go:46.63,48.2 1 0
github.com/vmware-tanzu/tanzu-source-controller/apis/source/v1alpha1/imagerepository_lifecycle.go:50.56,54.2 2 0
github.com/vmware-tanzu/tanzu-source-controller/apis/source/v1alpha1/imagerepository_types.go:95.13,97.2 1 1
github.com/vmware-tanzu/tanzu-source-controller/apis/source/v1alpha1/mavenartifact_defaults.go:33.89,36.2 2 0
github.com/vmware-tanzu/tanzu-source-controller/apis/source/v1alpha1/mavenartifact_defaults.go:38.45,41.22 3 1
github.com/vmware-tanzu/tanzu-source-controller/apis/source/v1alpha1/mavenartifact_defaults.go:41.22,43.3 1 1
github.com/vmware-tanzu/tanzu-source-controller/apis/source/v1alpha1/mavenartifact_defaults.go:44.2,44.12 1 1
github.com/vmware-tanzu/tanzu-source-controller/apis/source/v1alpha1/mavenartifact_defaults.go:47.39,48.18 1 1
github.com/vmware-tanzu/tanzu-source-controller/apis/source/v1alpha1/mavenartifact_defaults.go:48.18,50.3 1 1
github.com/vmware-tanzu/tanzu-source-controller/apis/source/v1alpha1/mavenartifact_defaults.go:53.33,55.2 0 1
github.com/vmware-tanzu/tanzu-source-controller/apis/source/v1alpha1/mavenartifact_lifecycle.go:38.66,40.2 1 0
github.com/vmware-tanzu/tanzu-source-controller/apis/source/v1alpha1/mavenartifact_lifecycle.go:42.73,44.2 1 0
github.com/vmware-tanzu/tanzu-source-controller/apis/source/v1alpha1/mavenartifact_lifecycle.go:46.61,48.2 1 0
github.com/vmware-tanzu/tanzu-source-controller/apis/source/v1alpha1/mavenartifact_lifecycle.go:50.54,52.2 1 0
github.com/vmware-tanzu/tanzu-source-controller/apis/source/v1alpha1/mavenartifact_types.go:141.13,143.2 1 1
github.com/vmware-tanzu/tanzu-source-controller/apis/source/v1alpha1/mavenartifact_validation.go:40.118,42.9 2 1
github.com/vmware-tanzu/tanzu-source-controller/apis/source/v1alpha1/mavenartifact_validation.go:42.9,44.3 1 0
github.com/vmware-tanzu/tanzu-source-controller/apis/source/v1alpha1/mavenartifact_validation.go:45.2,45.52 1 1
github.com/vmware-tanzu/tanzu-source-controller/apis/source/v1alpha1/mavenartifact_validation.go:49.138,51.9 2 1
github.com/vmware-tanzu/tanzu-source-controller/apis/source/v1alpha1/mavenartifact_validation.go:51.9,53.3 1 0
github.com/vmware-tanzu/tanzu-source-controller/apis/source/v1alpha1/mavenartifact_validation.go:55.2,55.52 1 1
github.com/vmware-tanzu/tanzu-source-controller/apis/source/v1alpha1/mavenartifact_validation.go:59.118,61.2 1 1
github.com/vmware-tanzu/tanzu-source-controller/apis/source/v1alpha1/mavenartifact_validation.go:63.52,69.2 3 1
github.com/vmware-tanzu/tanzu-source-controller/apis/source/v1alpha1/mavenartifact_validation.go:71.75,77.30 4 1
github.com/vmware-tanzu/tanzu-source-controller/apis/source/v1alpha1/mavenartifact_validation.go:77.30,79.3 1 1
github.com/vmware-tanzu/tanzu-source-controller/apis/source/v1alpha1/mavenartifact_validation.go:80.2,80.49 1 1
github.com/vmware-tanzu/tanzu-source-controller/apis/source/v1alpha1/mavenartifact_validation.go:80.49,82.3 1 1
github.com/vmware-tanzu/tanzu-source-controller/apis/source/v1alpha1/mavenartifact_validation.go:84.2,84.13 1 1
github.com/vmware-tanzu/tanzu-source-controller/apis/source/v1alpha1/mavenartifact_validation.go:87.75,90.21 2 1
github.com/vmware-tanzu/tanzu-source-controller/apis/source/v1alpha1/mavenartifact_validation.go:90.21,92.3 1 1
github.com/vmware-tanzu/tanzu-source-controller/apis/source/v1alpha1/mavenartifact_validation.go:93.2,93.24 1 1
github.com/vmware-tanzu/tanzu-source-controller/apis/source/v1alpha1/mavenartifact_validation.go:93.24,95.3 1 1
github.com/vmware-tanzu/tanzu-source-controller/apis/source/v1alpha1/mavenartifact_validation.go:97.2,97.21 1 1
github.com/vmware-tanzu/tanzu-source-controller/apis/source/v1alpha1/mavenartifact_validation.go:97.21,99.3 1 1
github.com/vmware-tanzu/tanzu-source-controller/apis/source/v1alpha1/mavenartifact_validation.go:99.8,100.37 1 1
github.com/vmware-tanzu/tanzu-source-controller/apis/source/v1alpha1/mavenartifact_validation.go:100.37,103.3 1 1
github.com/vmware-tanzu/tanzu-source-controller/apis/source/v1alpha1/mavenartifact_validation.go:105.2,105.13 1 1
github.com/vmware-tanzu/tanzu-source-controller/apis/source/v1alpha1/mavenartifact_validation.go:108.68,111.17 2 1
github.com/vmware-tanzu/tanzu-source-controller/apis/source/v1alpha1/mavenartifact_validation.go:111.17,113.3 1 1
github.com/vmware-tanzu/tanzu-source-controller/apis/source/v1alpha1/mavenartifact_validation.go:113.8,113.51 1 1
github.com/vmware-tanzu/tanzu-source-controller/apis/source/v1alpha1/mavenartifact_validation.go:113.51,115.3 1 1
github.com/vmware-tanzu/tanzu-source-controller/apis/source/v1alpha1/mavenartifact_validation.go:115.8,116.26 1 1
github.com/vmware-tanzu/tanzu-source-controller/apis/source/v1alpha1/mavenartifact_validation.go:116.26,118.4 1 1
github.com/vmware-tanzu/tanzu-source-controller/apis/source/v1alpha1/mavenartifact_validation.go:121.2,121.36 1 1
github.com/vmware-tanzu/tanzu-source-controller/apis/source/v1alpha1/mavenartifact_validation.go:121.36,122.64 1 1
github.com/vmware-tanzu/tanzu-source-controller/apis/source/v1alpha1/mavenartifact_validation.go:122.64,124.4 1 1
github.com/vmware-tanzu/tanzu-source-controller/apis/source/v1alpha1/mavenartifact_validation.go:127.2,127.13 1 1
github.com/vmware-tanzu/tanzu-source-controller/apis/source/v1alpha1/zz_generated.deepcopy.go:30.49,33.2 2 0
github.com/vmware-tanzu/tanzu-source-controller/apis/source/v1alpha1/zz_generated.deepcopy.go:36.42,37.15 1 0
github.com/vmware-tanzu/tanzu-source-controller/apis/source/v1alpha1/zz_generated.deepcopy.go:37.15,39.3 1 0
github.com/vmware-tanzu/tanzu-source-controller/apis/source/v1alpha1/zz_generated.deepcopy.go:40.2,42.12 3 0
github.com/vmware-tanzu/tanzu-source-controller/apis/source/v1alpha1/zz_generated.deepcopy.go:46.63,52.2 5 0
github.com/vmware-tanzu/tanzu-source-controller/apis/source/v1alpha1/zz_generated.deepcopy.go:55.56,56.15 1 0
github.com/vmware-tanzu/tanzu-source-controller/apis/source/v1alpha1/zz_generated.deepcopy.go:56.15,58.3 1 0
github.com/vmware-tanzu/tanzu-source-controller/apis/source/v1alpha1/zz_generated.deepcopy.go:59.2,61.12 3 0
github.com/vmware-tanzu/tanzu-source-controller/apis/source/v1alpha1/zz_generated.deepcopy.go:65.60,66.34 1 0
github.com/vmware-tanzu/tanzu-source-controller/apis/source/v1alpha1/zz_generated.deepcopy.go:66.34,68.3 1 0
github.com/vmware-tanzu/tanzu-source-controller/apis/source/v1alpha1/zz_generated.deepcopy.go:69.2,69.12 1 0
github.com/vmware-tanzu/tanzu-source-controller/apis/source/v1alpha1/zz_generated.deepcopy.go:73.71,77.21 4 0
github.com/vmware-tanzu/tanzu-source-controller/apis/source/v1alpha1/zz_generated.deepcopy.go:77.21,80.22 3 0
github.com/vmware-tanzu/tanzu-source-controller/apis/source/v1alpha1/zz_generated.deepcopy.go:80.22,82.4 1 0
github.com/vmware-tanzu/tanzu-source-controller/apis/source/v1alpha1/zz_generated.deepcopy.go:87.64,88.15 1 0
github.com/vmware-tanzu/tanzu-source-controller/apis/source/v1alpha1/zz_generated.deepcopy.go:88.15,90.3 1 0
github.com/vmware-tanzu/tanzu-source-controller/apis/source/v1alpha1/zz_generated.deepcopy.go:91.2,93.12 3 0
github.com/vmware-tanzu/tanzu-source-controller/apis/source/v1alpha1/zz_generated.deepcopy.go:97.64,98.34 1 0
github.com/vmware-tanzu/tanzu-source-controller/apis/source/v1alpha1/zz_generated.deepcopy.go:98.34,100.3 1 0
github.com/vmware-tanzu/tanzu-source-controller/apis/source/v1alpha1/zz_generated.deepcopy.go:101.2,101.12 1 0
github.com/vmware-tanzu/tanzu-source-controller/apis/source/v1alpha1/zz_generated.deepcopy.go:105.71,108.32 3 0
github.com/vmware-tanzu/tanzu-source-controller/apis/source/v1alpha1/zz_generated.deepcopy.go:108.32,112.3 3 0
github.com/vmware-tanzu/tanzu-source-controller/apis/source/v1alpha1/zz_generated.deepcopy.go:116.64,117.15 1 0
github.com/vmware-tanzu/tanzu-source-controller/apis/source/v1alpha1/zz_generated.deepcopy.go:117.15,119.3 1 0
github.com/vmware-tanzu/tanzu-source-controller/apis/source/v1alpha1/zz_generated.deepcopy.go:120.2,122.12 3 0
github.com/vmware-tanzu/tanzu-source-controller/apis/source/v1alpha1/zz_generated.deepcopy.go:126.75,129.24 3 0
github.com/vmware-tanzu/tanzu-source-controller/apis/source/v1alpha1/zz_generated.deepcopy.go:129.24,133.3 3 0
github.com/vmware-tanzu/tanzu-source-controller/apis/source/v1alpha1/zz_generated.deepcopy.go:137.68,138.15 1 0
github.com/vmware-tanzu/tanzu-source-controller/apis/source/v1alpha1/zz_generated.deepcopy.go:138.15,140.3 1 0
github.com/vmware-tanzu/tanzu-source-controller/apis/source/v1alpha1/zz_generated.deepcopy.go:141.2,143.12 3 0
github.com/vmware-tanzu/tanzu-source-controller/apis/source/v1alpha1/zz_generated.deepcopy.go:147.59,153.2 5 1
github.com/vmware-tanzu/tanzu-source-controller/apis/source/v1alpha1/zz_generated.deepcopy.go:156.52,157.15 1 1
github.com/vmware-tanzu/tanzu-source-controller/apis/source/v1alpha1/zz_generated.deepcopy.go:157.15,159.3 1 0
github.com/vmware-tanzu/tanzu-source-controller/apis/source/v1alpha1/zz_generated.deepcopy.go:160.2,162.12 3 1
github.com/vmware-tanzu/tanzu-source-controller/apis/source/v1alpha1/zz_generated.deepcopy.go:166.58,167.34 1 0
github.com/vmware-tanzu/tanzu-source-controller/apis/source/v1alpha1/zz_generated.deepcopy.go:167.34,169.3 1 0
github.com/vmware-tanzu/tanzu-source-controller/apis/source/v1alpha1/zz_generated.deepcopy.go:170.2,170.12 1 0
github.com/vmware-tanzu/tanzu-source-controller/apis/source/v1alpha1/zz_generated.deepcopy.go:174.77,176.2 1 0
github.com/vmware-tanzu/tanzu-source-controller/apis/source/v1alpha1/zz_generated.deepcopy.go:179.70,180.15 1 0
github.com/vmware-tanzu/tanzu-source-controller/apis/source/v1alpha1/zz_generated.deepcopy.go:180.15,182.3 1 0
github.com/vmware-tanzu/tanzu-source-controller/apis/source/v1alpha1/zz_generated.deepcopy.go:183.2,185.12 3 0
github.com/vmware-tanzu/tanzu-source-controller/apis/source/v1alpha1/zz_generated.deepcopy.go:189.67,193.21 4 0
github.com/vmware-tanzu/tanzu-source-controller/apis/source/v1alpha1/zz_generated.deepcopy.go:193.21,196.22 3 0
github.com/vmware-tanzu/tanzu-source-controller/apis/source/v1alpha1/zz_generated.deepcopy.go:196.22,198.4 1 0
github.com/vmware-tanzu/tanzu-source-controller/apis/source/v1alpha1/zz_generated.deepcopy.go:203.60,204.15 1 0
github.com/vmware-tanzu/tanzu-source-controller/apis/source/v1alpha1/zz_generated.deepcopy.go:204.15,206.3 1 0
github.com/vmware-tanzu/tanzu-source-controller/apis/source/v1alpha1/zz_generated.deepcopy.go:207.2,209.12 3 0
github.com/vmware-tanzu/tanzu-source-controller/apis/source/v1alpha1/zz_generated.deepcopy.go:213.62,214.34 1 0
github.com/vmware-tanzu/tanzu-source-controller/apis/source/v1alpha1/zz_generated.deepcopy.go:214.34,216.3 1 0
github.com/vmware-tanzu/tanzu-source-controller/apis/source/v1alpha1/zz_generated.deepcopy.go:217.2,217.12 1 0
github.com/vmware-tanzu/tanzu-source-controller/apis/source/v1alpha1/zz_generated.deepcopy.go:221.67,226.23 5 1
github.com/vmware-tanzu/tanzu-source-controller/apis/source/v1alpha1/zz_generated.deepcopy.go:226.23,230.3 3 0
github.com/vmware-tanzu/tanzu-source-controller/apis/source/v1alpha1/zz_generated.deepcopy.go:234.60,235.15 1 0
github.com/vmware-tanzu/tanzu-source-controller/apis/source/v1alpha1/zz_generated.deepcopy.go:235.15,237.3 1 0
github.com/vmware-tanzu/tanzu-source-controller/apis/source/v1alpha1/zz_generated.deepcopy.go:238.2,240.12 3 0
github.com/vmware-tanzu/tanzu-source-controller/apis/source/v1alpha1/zz_generated.deepcopy.go:244.71,247.24 3 1
github.com/vmware-tanzu/tanzu-source-controller/apis/source/v1alpha1/zz_generated.deepcopy.go:247.24,251.3 3 0
github.com/vmware-tanzu/tanzu-source-controller/apis/source/v1alpha1/zz_generated.deepcopy.go:255.64,256.15 1 0
github.com/vmware-tanzu/tanzu-source-controller/apis/source/v1alpha1/zz_generated.deepcopy.go:256.15,258.3 1 0
github.com/vmware-tanzu/tanzu-source-controller/apis/source/v1alpha1/zz_generated.deepcopy.go:259.2,261.12 3 0
github.com/vmware-tanzu/tanzu-source-controller/apis/source/v1alpha1/zz_generated.deepcopy.go:265.67,267.2 1 0
github.com/vmware-tanzu/tanzu-source-controller/apis/source/v1alpha1/zz_generated.deepcopy.go:270.60,271.15 1 0
github.com/vmware-tanzu/tanzu-source-controller/apis/source/v1alpha1/zz_generated.deepcopy.go:271.15,273.3 1 0
github.com/vmware-tanzu/tanzu-source-controller/apis/source/v1alpha1/zz_generated.deepcopy.go:274.2,276.12 3 0
github.com/vmware-tanzu/tanzu-source-controller/apis/source/v1alpha1/zz_generated.deepcopy.go:280.77,282.2 1 0
github.com/vmware-tanzu/tanzu-source-controller/apis/source/v1alpha1/zz_generated.deepcopy.go:285.70,286.15 1 0
github.com/vmware-tanzu/tanzu-source-controller/apis/source/v1alpha1/zz_generated.deepcopy.go:286.15,288.3 1 0
github.com/vmware-tanzu/tanzu-source-controller/apis/source/v1alpha1/zz_generated.deepcopy.go:289.2,291.12 3 0
github.com/vmware-tanzu/tanzu-source-controller/apis/source/v1alpha1/zz_generated.deepcopy.go:295.53,298.2 2 0
github.com/vmware-tanzu/tanzu-source-controller/apis/source/v1alpha1/zz_generated.deepcopy.go:301.46,302.15 1 0
github.com/vmware-tanzu/tanzu-source-controller/apis/source/v1alpha1/zz_generated.deepcopy.go:302.15,304.3 1 0
github.com/vmware-tanzu/tanzu-source-controller/apis/source/v1alpha1/zz_generated.deepcopy.go:305.2,307.12 3 0
github.com/vmware-tanzu/tanzu-source-controller/server/artifact.go:25.43,30.2 1 0
github.com/vmware-tanzu/tanzu-source-controller/server/artifact.go:37.51,41.74 2 0
github.com/vmware-tanzu/tanzu-source-controller/server/artifact.go:41.74,42.42 1 0
github.com/vmware-tanzu/tanzu-source-controller/server/artifact.go:42.42,47.5 2 0
github.com/vmware-tanzu/tanzu-source-controller/server/artifact.go:48.4,48.36 1 0
github.com/vmware-tanzu/tanzu-source-controller/server/artifact.go:53.2,53.12 1 0
github.com/vmware-tanzu/tanzu-source-controller/server/artifact.go:53.12,56.3 2 0
github.com/vmware-tanzu/tanzu-source-controller/server/artifact.go:58.2,58.32 1 0
github.com/vmware-tanzu/tanzu-source-controller/dies/source/v1alpha1/imagerepository.go:38.99,39.66 1 0
github.com/vmware-tanzu/tanzu-source-controller/dies/source/v1alpha1/imagerepository.go:39.66,45.3 3 0
github.com/vmware-tanzu/tanzu-source-controller/dies/source/v1alpha1/imagerepository.go:48.115,49.66 1 0
github.com/vmware-tanzu/tanzu-source-controller/dies/source/v1alpha1/imagerepository.go:49.66,51.29 2 0
github.com/vmware-tanzu/tanzu-source-controller/dies/source/v1alpha1/imagerepository.go:51.29,53.4 1 0
github.com/vmware-tanzu/tanzu-source-controller/dies/source/v1alpha1/imagerepository.go:57.90,58.66 1 0
github.com/vmware-tanzu/tanzu-source-controller/dies/source/v1alpha1/imagerepository.go:58.66,60.3 1 0
github.com/vmware-tanzu/tanzu-source-controller/dies/source/v1alpha1/mavenartifact.go:41.95,43.62 2 0
github.com/vmware-tanzu/tanzu-source-controller/dies/source/v1alpha1/mavenartifact.go:43.62,49.3 3 0
github.com/vmware-tanzu/tanzu-source-controller/dies/source/v1alpha1/mavenartifact.go:52.105,54.62 2 0
github.com/vmware-tanzu/tanzu-source-controller/dies/source/v1alpha1/mavenartifact.go:54.62,60.3 3 0
github.com/vmware-tanzu/tanzu-source-controller/dies/source/v1alpha1/mavenartifact.go:63.95,64.64 1 0
github.com/vmware-tanzu/tanzu-source-controller/dies/source/v1alpha1/mavenartifact.go:64.64,70.3 3 0
github.com/vmware-tanzu/tanzu-source-controller/dies/source/v1alpha1/mavenartifact.go:73.111,74.64 1 0
github.com/vmware-tanzu/tanzu-source-controller/dies/source/v1alpha1/mavenartifact.go:74.64,76.29 2 0
github.com/vmware-tanzu/tanzu-source-controller/dies/source/v1alpha1/mavenartifact.go:76.29,78.4 1 0
github.com/vmware-tanzu/tanzu-source-controller/dies/source/v1alpha1/mavenartifact.go:82.86,83.64 1 0
github.com/vmware-tanzu/tanzu-source-controller/dies/source/v1alpha1/mavenartifact.go:83.64,85.3 1 0
github.com/vmware-tanzu/tanzu-source-controller/dies/source/v1alpha1/zz_generated.die.go:54.79,55.29 1 0
github.com/vmware-tanzu/tanzu-source-controller/dies/source/v1alpha1/zz_generated.die.go:55.29,57.3 1 0
github.com/vmware-tanzu/tanzu-source-controller/dies/source/v1alpha1/zz_generated.die.go:58.2,60.10 3 0
github.com/vmware-tanzu/tanzu-source-controller/dies/source/v1alpha1/zz_generated.die.go:64.92,65.15 1 1
github.com/vmware-tanzu/tanzu-source-controller/dies/source/v1alpha1/zz_generated.die.go:65.15,69.3 3 0
github.com/vmware-tanzu/tanzu-source-controller/dies/source/v1alpha1/zz_generated.die.go:70.2,75.3 1 1
github.com/vmware-tanzu/tanzu-source-controller/dies/source/v1alpha1/zz_generated.die.go:79.96,80.14 1 0
github.com/vmware-tanzu/tanzu-source-controller/dies/source/v1alpha1/zz_generated.die.go:80.14,82.3 1 0
github.com/vmware-tanzu/tanzu-source-controller/dies/source/v1alpha1/zz_generated.die.go:83.2,83.22 1 0
github.com/vmware-tanzu/tanzu-source-controller/dies/source/v1alpha1/zz_generated.die.go:87.72,89.46 2 0
github.com/vmware-tanzu/tanzu-source-controller/dies/source/v1alpha1/zz_generated.die.go:89.46,90.13 1 0
github.com/vmware-tanzu/tanzu-source-controller/dies/source/v1alpha1/zz_generated.die.go:92.2,92.21 1 0
github.com/vmware-tanzu/tanzu-source-controller/dies/source/v1alpha1/zz_generated.die.go:96.72,98.46 2 0
github.com/vmware-tanzu/tanzu-source-controller/dies/source/v1alpha1/zz_generated.die.go:98.46,99.13 1 0
github.com/vmware-tanzu/tanzu-source-controller/dies/source/v1alpha1/zz_generated.die.go:101.2,101.21 1 0
github.com/vmware-tanzu/tanzu-source-controller/dies/source/v1alpha1/zz_generated.die.go:105.79,107.16 2 0
github.com/vmware-tanzu/tanzu-source-controller/dies/source/v1alpha1/zz_generated.die.go:107.16,108.13 1 0
github.com/vmware-tanzu/tanzu-source-controller/dies/source/v1alpha1/zz_generated.die.go:110.2,110.25 1 0
github.com/vmware-tanzu/tanzu-source-controller/dies/source/v1alpha1/zz_generated.die.go:114.96,116.16 2 0
github.com/vmware-tanzu/tanzu-source-controller/dies/source/v1alpha1/zz_generated.die.go:116.16,117.13 1 0
github.com/vmware-tanzu/tanzu-source-controller/dies/source/v1alpha1/zz_generated.die.go:119.2,119.25 1 0
github.com/vmware-tanzu/tanzu-source-controller/dies/source/v1alpha1/zz_generated.die.go:123.74,124.15 1 0
github.com/vmware-tanzu/tanzu-source-controller/dies/source/v1alpha1/zz_generated.die.go:124.15,126.3 1 0
github.com/vmware-tanzu/tanzu-source-controller/dies/source/v1alpha1/zz_generated.die.go:127.2,127.24 1 0
github.com/vmware-tanzu/tanzu-source-controller/dies/source/v1alpha1/zz_generated.die.go:131.78,134.2 2 0
github.com/vmware-tanzu/tanzu-source-controller/dies/source/v1alpha1/zz_generated.die.go:137.82,140.16 3 0
github.com/vmware-tanzu/tanzu-source-controller/dies/source/v1alpha1/zz_generated.die.go:140.16,141.13 1 0
github.com/vmware-tanzu/tanzu-source-controller/dies/source/v1alpha1/zz_generated.die.go:143.2,145.3 1 0
github.com/vmware-tanzu/tanzu-source-controller/dies/source/v1alpha1/zz_generated.die.go:149.54,152.16 3 0
github.com/vmware-tanzu/tanzu-source-controller/dies/source/v1alpha1/zz_generated.die.go:152.16,153.13 1 0
github.com/vmware-tanzu/tanzu-source-controller/dies/source/v1alpha1/zz_generated.die.go:155.2,155.10 1 0
github.com/vmware-tanzu/tanzu-source-controller/dies/source/v1alpha1/zz_generated.die.go:159.54,162.16 3 0
github.com/vmware-tanzu/tanzu-source-controller/dies/source/v1alpha1/zz_generated.die.go:162.16,163.13 1 0
github.com/vmware-tanzu/tanzu-source-controller/dies/source/v1alpha1/zz_generated.die.go:165.2,165.10 1 0
github.com/vmware-tanzu/tanzu-source-controller/dies/source/v1alpha1/zz_generated.die.go:169.76,172.48 3 0
github.com/vmware-tanzu/tanzu-source-controller/dies/source/v1alpha1/zz_generated.die.go:172.48,173.13 1 0
github.com/vmware-tanzu/tanzu-source-controller/dies/source/v1alpha1/zz_generated.die.go:175.2,175.12 1 0
github.com/vmware-tanzu/tanzu-source-controller/dies/source/v1alpha1/zz_generated.die.go:179.103,183.2 3 0
github.com/vmware-tanzu/tanzu-source-controller/dies/source/v1alpha1/zz_generated.die.go:188.88,189.60 1 0
github.com/vmware-tanzu/tanzu-source-controller/dies/source/v1alpha1/zz_generated.die.go:189.60,190.57 1 0
github.com/vmware-tanzu/tanzu-source-controller/dies/source/v1alpha1/zz_generated.die.go:190.57,191.86 1 0
github.com/vmware-tanzu/tanzu-source-controller/dies/source/v1alpha1/zz_generated.die.go:193.3,193.58 1 0
github.com/vmware-tanzu/tanzu-source-controller/dies/source/v1alpha1/zz_generated.die.go:193.58,194.87 1 0
github.com/vmware-tanzu/tanzu-source-controller/dies/source/v1alpha1/zz_generated.die.go:197.3,198.60 2 0
github.com/vmware-tanzu/tanzu-source-controller/dies/source/v1alpha1/zz_generated.die.go:198.60,199.14 1 0
github.com/vmware-tanzu/tanzu-source-controller/dies/source/v1alpha1/zz_generated.die.go:201.3,202.17 2 0
github.com/vmware-tanzu/tanzu-source-controller/dies/source/v1alpha1/zz_generated.die.go:202.17,205.4 1 0
github.com/vmware-tanzu/tanzu-source-controller/dies/source/v1alpha1/zz_generated.die.go:206.3,206.28 1 0
github.com/vmware-tanzu/tanzu-source-controller/dies/source/v1alpha1/zz_generated.die.go:206.28,210.37 3 0
github.com/vmware-tanzu/tanzu-source-controller/dies/source/v1alpha1/zz_generated.die.go:210.37,212.5 1 0
github.com/vmware-tanzu/tanzu-source-controller/dies/source/v1alpha1/zz_generated.die.go:212.10,212.67 1 0
github.com/vmware-tanzu/tanzu-source-controller/dies/source/v1alpha1/zz_generated.die.go:212.67,214.5 1 0
github.com/vmware-tanzu/tanzu-source-controller/dies/source/v1alpha1/zz_generated.die.go:214.10,215.106 1 0
github.com/vmware-tanzu/tanzu-source-controller/dies/source/v1alpha1/zz_generated.die.go:218.4,218.35 1 0
github.com/vmware-tanzu/tanzu-source-controller/dies/source/v1alpha1/zz_generated.die.go:224.94,226.25 2 0
github.com/vmware-tanzu/tanzu-source-controller/dies/source/v1alpha1/zz_generated.die.go:226.25,227.16 1 0
github.com/vmware-tanzu/tanzu-source-controller/dies/source/v1alpha1/zz_generated.die.go:227.16,229.4 1 0
github.com/vmware-tanzu/tanzu-source-controller/dies/source/v1alpha1/zz_generated.die.go:231.2,231.35 1 0
github.com/vmware-tanzu/tanzu-source-controller/dies/source/v1alpha1/zz_generated.die.go:235.61,243.2 2 0
github.com/vmware-tanzu/tanzu-source-controller/dies/source/v1alpha1/zz_generated.die.go:246.60,248.2 1 0
github.com/vmware-tanzu/tanzu-source-controller/dies/source/v1alpha1/zz_generated.die.go:251.96,252.16 1 0
github.com/vmware-tanzu/tanzu-source-controller/dies/source/v1alpha1/zz_generated.die.go:252.16,254.3 1 0
github.com/vmware-tanzu/tanzu-source-controller/dies/source/v1alpha1/zz_generated.die.go:255.2,256.10 2 0
github.com/vmware-tanzu/tanzu-source-controller/dies/source/v1alpha1/zz_generated.die.go:260.100,261.14 1 0
github.com/vmware-tanzu/tanzu-source-controller/dies/source/v1alpha1/zz_generated.die.go:261.14,263.3 1 0
github.com/vmware-tanzu/tanzu-source-controller/dies/source/v1alpha1/zz_generated.die.go:264.2,264.26 1 0
github.com/vmware-tanzu/tanzu-source-controller/dies/source/v1alpha1/zz_generated.die.go:268.78,270.2 1 0
github.com/vmware-tanzu/tanzu-source-controller/dies/source/v1alpha1/zz_generated.die.go:273.82,276.2 2 0
github.com/vmware-tanzu/tanzu-source-controller/dies/source/v1alpha1/zz_generated.die.go:279.65,281.2 1 0
github.com/vmware-tanzu/tanzu-source-controller/dies/source/v1alpha1/zz_generated.die.go:284.82,286.2 1 0
github.com/vmware-tanzu/tanzu-source-controller/dies/source/v1alpha1/zz_generated.die.go:290.62,292.2 1 0
github.com/vmware-tanzu/tanzu-source-controller/dies/source/v1alpha1/zz_generated.die.go:294.64,297.2 2 0
github.com/vmware-tanzu/tanzu-source-controller/dies/source/v1alpha1/zz_generated.die.go:299.60,301.2 1 0
github.com/vmware-tanzu/tanzu-source-controller/dies/source/v1alpha1/zz_generated.die.go:303.60,304.16 1 0
github.com/vmware-tanzu/tanzu-source-controller/dies/source/v1alpha1/zz_generated.die.go:304.16,306.3 1 0
github.com/vmware-tanzu/tanzu-source-controller/dies/source/v1alpha1/zz_generated.die.go:307.2,310.12 4 0
github.com/vmware-tanzu/tanzu-source-controller/dies/source/v1alpha1/zz_generated.die.go:314.71,315.60 1 0
github.com/vmware-tanzu/tanzu-source-controller/dies/source/v1alpha1/zz_generated.die.go:315.60,317.3 1 0
github.com/vmware-tanzu/tanzu-source-controller/dies/source/v1alpha1/zz_generated.die.go:321.65,322.60 1 0
github.com/vmware-tanzu/tanzu-source-controller/dies/source/v1alpha1/zz_generated.die.go:322.60,324.3 1 0
github.com/vmware-tanzu/tanzu-source-controller/dies/source/v1alpha1/zz_generated.die.go:328.82,329.60 1 0
github.com/vmware-tanzu/tanzu-source-controller/dies/source/v1alpha1/zz_generated.die.go:329.60,331.3 1 0
github.com/vmware-tanzu/tanzu-source-controller/dies/source/v1alpha1/zz_generated.die.go:335.94,336.60 1 0
github.com/vmware-tanzu/tanzu-source-controller/dies/source/v1alpha1/zz_generated.die.go:336.60,340.3 3 0
github.com/vmware-tanzu/tanzu-source-controller/dies/source/v1alpha1/zz_generated.die.go:344.80,345.60 1 0
github.com/vmware-tanzu/tanzu-source-controller/dies/source/v1alpha1/zz_generated.die.go:345.60,347.3 1 0
github.com/vmware-tanzu/tanzu-source-controller/dies/source/v1alpha1/zz_generated.die.go:351.92,352.60 1 0
github.com/vmware-tanzu/tanzu-source-controller/dies/source/v1alpha1/zz_generated.die.go:352.60,356.3 3 0
github.com/vmware-tanzu/tanzu-source-controller/dies/source/v1alpha1/zz_generated.die.go:360.94,361.60 1 0
github.com/vmware-tanzu/tanzu-source-controller/dies/source/v1alpha1/zz_generated.die.go:361.60,365.3 3 0
github.com/vmware-tanzu/tanzu-source-controller/dies/source/v1alpha1/zz_generated.die.go:369.98,370.60 1 0
github.com/vmware-tanzu/tanzu-source-controller/dies/source/v1alpha1/zz_generated.die.go:370.60,374.3 3 0
github.com/vmware-tanzu/tanzu-source-controller/dies/source/v1alpha1/zz_generated.die.go:377.93,378.60 1 0
github.com/vmware-tanzu/tanzu-source-controller/dies/source/v1alpha1/zz_generated.die.go:378.60,380.3 1 0
github.com/vmware-tanzu/tanzu-source-controller/dies/source/v1alpha1/zz_generated.die.go:383.97,384.60 1 0
github.com/vmware-tanzu/tanzu-source-controller/dies/source/v1alpha1/zz_generated.die.go:384.60,386.3 1 0
github.com/vmware-tanzu/tanzu-source-controller/dies/source/v1alpha1/zz_generated.die.go:398.87,399.29 1 0
github.com/vmware-tanzu/tanzu-source-controller/dies/source/v1alpha1/zz_generated.die.go:399.29,401.3 1 0
github.com/vmware-tanzu/tanzu-source-controller/dies/source/v1alpha1/zz_generated.die.go:402.2,404.10 3 0
github.com/vmware-tanzu/tanzu-source-controller/dies/source/v1alpha1/zz_generated.die.go:408.104,409.15 1 1
github.com/vmware-tanzu/tanzu-source-controller/dies/source/v1alpha1/zz_generated.die.go:409.15,412.3 2 0
github.com/vmware-tanzu/tanzu-source-controller/dies/source/v1alpha1/zz_generated.die.go:413.2,417.3 1 1
github.com/vmware-tanzu/tanzu-source-controller/dies/source/v1alpha1/zz_generated.die.go:421.108,422.14 1 0
github.com/vmware-tanzu/tanzu-source-controller/dies/source/v1alpha1/zz_generated.die.go:422.14,424.3 1 0
github.com/vmware-tanzu/tanzu-source-controller/dies/source/v1alpha1/zz_generated.die.go:425.2,425.22 1 0
github.com/vmware-tanzu/tanzu-source-controller/dies/source/v1alpha1/zz_generated.die.go:429.80,431.46 2 0
github.com/vmware-tanzu/tanzu-source-controller/dies/source/v1alpha1/zz_generated.die.go:431.46,432.13 1 0
github.com/vmware-tanzu/tanzu-source-controller/dies/source/v1alpha1/zz_generated.die.go:434.2,434.21 1 0
github.com/vmware-tanzu/tanzu-source-controller/dies/source/v1alpha1/zz_generated.die.go:438.80,440.46 2 0
github.com/vmware-tanzu/tanzu-source-controller/dies/source/v1alpha1/zz_generated.die.go:440.46,441.13 1 0
github.com/vmware-tanzu/tanzu-source-controller/dies/source/v1alpha1/zz_generated.die.go:443.2,443.21 1 0
github.com/vmware-tanzu/tanzu-source-controller/dies/source/v1alpha1/zz_generated.die.go:447.87,449.16 2 0
github.com/vmware-tanzu/tanzu-source-controller/dies/source/v1alpha1/zz_generated.die.go:449.16,450.13 1 0
github.com/vmware-tanzu/tanzu-source-controller/dies/source/v1alpha1/zz_generated.die.go:452.2,452.25 1 0
github.com/vmware-tanzu/tanzu-source-controller/dies/source/v1alpha1/zz_generated.die.go:456.104,458.16 2 0
github.com/vmware-tanzu/tanzu-source-controller/dies/source/v1alpha1/zz_generated.die.go:458.16,459.13 1 0
github.com/vmware-tanzu/tanzu-source-controller/dies/source/v1alpha1/zz_generated.die.go:461.2,461.25 1 0
github.com/vmware-tanzu/tanzu-source-controller/dies/source/v1alpha1/zz_generated.die.go:465.82,466.15 1 0
github.com/vmware-tanzu/tanzu-source-controller/dies/source/v1alpha1/zz_generated.die.go:466.15,468.3 1 0
github.com/vmware-tanzu/tanzu-source-controller/dies/source/v1alpha1/zz_generated.die.go:469.2,469.24 1 0
github.com/vmware-tanzu/tanzu-source-controller/dies/source/v1alpha1/zz_generated.die.go:473.86,476.2 2 0
github.com/vmware-tanzu/tanzu-source-controller/dies/source/v1alpha1/zz_generated.die.go:479.58,482.16 3 0
github.com/vmware-tanzu/tanzu-source-controller/dies/source/v1alpha1/zz_generated.die.go:482.16,483.13 1 0
github.com/vmware-tanzu/tanzu-source-controller/dies/source/v1alpha1/zz_generated.die.go:485.2,485.10 1 0
github.com/vmware-tanzu/tanzu-source-controller/dies/source/v1alpha1/zz_generated.die.go:489.58,492.16 3 0
github.com/vmware-tanzu/tanzu-source-controller/dies/source/v1alpha1/zz_generated.die.go:492.16,493.13 1 0
github.com/vmware-tanzu/tanzu-source-controller/dies/source/v1alpha1/zz_generated.die.go:495.2,495.10 1 0
github.com/vmware-tanzu/tanzu-source-controller/dies/source/v1alpha1/zz_generated.die.go:499.80,502.48 3 0
github.com/vmware-tanzu/tanzu-source-controller/dies/source/v1alpha1/zz_generated.die.go:502.48,503.13 1 0
github.com/vmware-tanzu/tanzu-source-controller/dies/source/v1alpha1/zz_generated.die.go:505.2,505.12 1 0
github.com/vmware-tanzu/tanzu-source-controller/dies/source/v1alpha1/zz_generated.die.go:509.115,513.2 3 0
github.com/vmware-tanzu/tanzu-source-controller/dies/source/v1alpha1/zz_generated.die.go:518.96,519.64 1 0
github.com/vmware-tanzu/tanzu-source-controller/dies/source/v1alpha1/zz_generated.die.go:519.64,520.57 1 0
github.com/vmware-tanzu/tanzu-source-controller/dies/source/v1alpha1/zz_generated.die.go:520.57,521.86 1 0
github.com/vmware-tanzu/tanzu-source-controller/dies/source/v1alpha1/zz_generated.die.go:523.3,523.58 1 0
github.com/vmware-tanzu/tanzu-source-controller/dies/source/v1alpha1/zz_generated.die.go:523.58,524.87 1 0
github.com/vmware-tanzu/tanzu-source-controller/dies/source/v1alpha1/zz_generated.die.go:527.3,528.60 2 0
github.com/vmware-tanzu/tanzu-source-controller/dies/source/v1alpha1/zz_generated.die.go:528.60,529.14 1 0
github.com/vmware-tanzu/tanzu-source-controller/dies/source/v1alpha1/zz_generated.die.go:531.3,532.17 2 0
github.com/vmware-tanzu/tanzu-source-controller/dies/source/v1alpha1/zz_generated.die.go:532.17,535.4 1 0
github.com/vmware-tanzu/tanzu-source-controller/dies/source/v1alpha1/zz_generated.die.go:536.3,536.28 1 0
github.com/vmware-tanzu/tanzu-source-controller/dies/source/v1alpha1/zz_generated.die.go:536.28,540.37 3 0
github.com/vmware-tanzu/tanzu-source-controller/dies/source/v1alpha1/zz_generated.die.go:540.37,542.5 1 0
github.com/vmware-tanzu/tanzu-source-controller/dies/source/v1alpha1/zz_generated.die.go:542.10,542.67 1 0
github.com/vmware-tanzu/tanzu-source-controller/dies/source/v1alpha1/zz_generated.die.go:542.67,544.5 1 0
github.com/vmware-tanzu/tanzu-source-controller/dies/source/v1alpha1/zz_generated.die.go:544.10,545.106 1 0
github.com/vmware-tanzu/tanzu-source-controller/dies/source/v1alpha1/zz_generated.die.go:548.4,548.35 1 0
github.com/vmware-tanzu/tanzu-source-controller/dies/source/v1alpha1/zz_generated.die.go:554.106,556.25 2 0
github.com/vmware-tanzu/tanzu-source-controller/dies/source/v1alpha1/zz_generated.die.go:556.25,557.16 1 0
github.com/vmware-tanzu/tanzu-source-controller/dies/source/v1alpha1/zz_generated.die.go:557.16,559.4 1 0
github.com/vmware-tanzu/tanzu-source-controller/dies/source/v1alpha1/zz_generated.die.go:561.2,561.35 1 0
github.com/vmware-tanzu/tanzu-source-controller/dies/source/v1alpha1/zz_generated.die.go:565.69,572.2 2 0
github.com/vmware-tanzu/tanzu-source-controller/dies/source/v1alpha1/zz_generated.die.go:575.68,577.2 1 0
github.com/vmware-tanzu/tanzu-source-controller/dies/source/v1alpha1/zz_generated.die.go:580.108,581.16 1 0
github.com/vmware-tanzu/tanzu-source-controller/dies/source/v1alpha1/zz_generated.die.go:581.16,583.3 1 0
github.com/vmware-tanzu/tanzu-source-controller/dies/source/v1alpha1/zz_generated.die.go:584.2,585.10 2 0
github.com/vmware-tanzu/tanzu-source-controller/dies/source/v1alpha1/zz_generated.die.go:589.112,590.14 1 0
github.com/vmware-tanzu/tanzu-source-controller/dies/source/v1alpha1/zz_generated.die.go:590.14,592.3 1 0
github.com/vmware-tanzu/tanzu-source-controller/dies/source/v1alpha1/zz_generated.die.go:593.2,593.26 1 0
github.com/vmware-tanzu/tanzu-source-controller/dies/source/v1alpha1/zz_generated.die.go:597.86,599.2 1 0
github.com/vmware-tanzu/tanzu-source-controller/dies/source/v1alpha1/zz_generated.die.go:602.90,605.2 2 0
github.com/vmware-tanzu/tanzu-source-controller/dies/source/v1alpha1/zz_generated.die.go:608.69,610.2 1 0
github.com/vmware-tanzu/tanzu-source-controller/dies/source/v1alpha1/zz_generated.die.go:613.86,615.2 1 0
github.com/vmware-tanzu/tanzu-source-controller/dies/source/v1alpha1/zz_generated.die.go:618.74,619.64 1 0
github.com/vmware-tanzu/tanzu-source-controller/dies/source/v1alpha1/zz_generated.die.go:619.64,621.3 1 0
github.com/vmware-tanzu/tanzu-source-controller/dies/source/v1alpha1/zz_generated.die.go:625.86,626.64 1 0
github.com/vmware-tanzu/tanzu-source-controller/dies/source/v1alpha1/zz_generated.die.go:626.64,628.3 1 0
github.com/vmware-tanzu/tanzu-source-controller/dies/source/v1alpha1/zz_generated.die.go:634.109,635.64 1 0
github.com/vmware-tanzu/tanzu-source-controller/dies/source/v1alpha1/zz_generated.die.go:635.64,637.3 1 0
github.com/vmware-tanzu/tanzu-source-controller/dies/source/v1alpha1/zz_generated.die.go:645.87,646.64 1 0
github.com/vmware-tanzu/tanzu-source-controller/dies/source/v1alpha1/zz_generated.die.go:646.64,648.3 1 0
github.com/vmware-tanzu/tanzu-source-controller/dies/source/v1alpha1/zz_generated.die.go:660.91,661.29 1 0
github.com/vmware-tanzu/tanzu-source-controller/dies/source/v1alpha1/zz_generated.die.go:661.29,663.3 1 0
github.com/vmware-tanzu/tanzu-source-controller/dies/source/v1alpha1/zz_generated.die.go:664.2,666.10 3 0
github.com/vmware-tanzu/tanzu-source-controller/dies/source/v1alpha1/zz_generated.die.go:670.110,671.15 1 1
github.com/vmware-tanzu/tanzu-source-controller/dies/source/v1alpha1/zz_generated.die.go:671.15,674.3 2 0
github.com/vmware-tanzu/tanzu-source-controller/dies/source/v1alpha1/zz_generated.die.go:675.2,679.3 1 1
github.com/vmware-tanzu/tanzu-source-controller/dies/source/v1alpha1/zz_generated.die.go:683.114,684.14 1 0
github.com/vmware-tanzu/tanzu-source-controller/dies/source/v1alpha1/zz_generated.die.go:684.14,686.3 1 0
github.com/vmware-tanzu/tanzu-source-controller/dies/source/v1alpha1/zz_generated.die.go:687.2,687.22 1 0
github.com/vmware-tanzu/tanzu-source-controller/dies/source/v1alpha1/zz_generated.die.go:691.84,693.46 2 0
github.com/vmware-tanzu/tanzu-source-controller/dies/source/v1alpha1/zz_generated.die.go:693.46,694.13 1 0
github.com/vmware-tanzu/tanzu-source-controller/dies/source/v1alpha1/zz_generated.die.go:696.2,696.21 1 0
github.com/vmware-tanzu/tanzu-source-controller/dies/source/v1alpha1/zz_generated.die.go:700.84,702.46 2 0
github.com/vmware-tanzu/tanzu-source-controller/dies/source/v1alpha1/zz_generated.die.go:702.46,703.13 1 0
github.com/vmware-tanzu/tanzu-source-controller/dies/source/v1alpha1/zz_generated.die.go:705.2,705.21 1 0
github.com/vmware-tanzu/tanzu-source-controller/dies/source/v1alpha1/zz_generated.die.go:709.91,711.16 2 0
github.com/vmware-tanzu/tanzu-source-controller/dies/source/v1alpha1/zz_generated.die.go:711.16,712.13 1 0
github.com/vmware-tanzu/tanzu-source-controller/dies/source/v1alpha1/zz_generated.die.go:714.2,714.25 1 0
github.com/vmware-tanzu/tanzu-source-controller/dies/source/v1alpha1/zz_generated.die.go:718.108,720.16 2 0
github.com/vmware-tanzu/tanzu-source-controller/dies/source/v1alpha1/zz_generated.die.go:720.16,721.13 1 0
github.com/vmware-tanzu/tanzu-source-controller/dies/source/v1alpha1/zz_generated.die.go:723.2,723.25 1 0
github.com/vmware-tanzu/tanzu-source-controller/dies/source/v1alpha1/zz_generated.die.go:727.86,728.15 1 0
github.com/vmware-tanzu/tanzu-source-controller/dies/source/v1alpha1/zz_generated.die.go:728.15,730.3 1 0
github.com/vmware-tanzu/tanzu-source-controller/dies/source/v1alpha1/zz_generated.die.go:731.2,731.24 1 0
github.com/vmware-tanzu/tanzu-source-controller/dies/source/v1alpha1/zz_generated.die.go:735.90,738.2 2 0
github.com/vmware-tanzu/tanzu-source-controller/dies/source/v1alpha1/zz_generated.die.go:741.60,744.16 3 0
github.com/vmware-tanzu/tanzu-source-controller/dies/source/v1alpha1/zz_generated.die.go:744.16,745.13 1 0
github.com/vmware-tanzu/tanzu-source-controller/dies/source/v1alpha1/zz_generated.die.go:747.2,747.10 1 0
github.com/vmware-tanzu/tanzu-source-controller/dies/source/v1alpha1/zz_generated.die.go:751.60,754.16 3 0
github.com/vmware-tanzu/tanzu-source-controller/dies/source/v1alpha1/zz_generated.die.go:754.16,755.13 1 0
github.com/vmware-tanzu/tanzu-source-controller/dies/source/v1alpha1/zz_generated.die.go:757.2,757.10 1 0
github.com/vmware-tanzu/tanzu-source-controller/dies/source/v1alpha1/zz_generated.die.go:761.82,764.48 3 0
github.com/vmware-tanzu/tanzu-source-controller/dies/source/v1alpha1/zz_generated.die.go:764.48,765.13 1 0
github.com/vmware-tanzu/tanzu-source-controller/dies/source/v1alpha1/zz_generated.die.go:767.2,767.12 1 0
github.com/vmware-tanzu/tanzu-source-controller/dies/source/v1alpha1/zz_generated.die.go:771.121,775.2 3 0
github.com/vmware-tanzu/tanzu-source-controller/dies/source/v1alpha1/zz_generated.die.go:780.100,781.66 1 0
github.com/vmware-tanzu/tanzu-source-controller/dies/source/v1alpha1/zz_generated.die.go:781.66,782.57 1 0
github.com/vmware-tanzu/tanzu-source-controller/dies/source/v1alpha1/zz_generated.die.go:782.57,783.86 1 0
github.com/vmware-tanzu/tanzu-source-controller/dies/source/v1alpha1/zz_generated.die.go:785.3,785.58 1 0
github.com/vmware-tanzu/tanzu-source-controller/dies/source/v1alpha1/zz_generated.die.go:785.58,786.87 1 0
github.com/vmware-tanzu/tanzu-source-controller/dies/source/v1alpha1/zz_generated.die.go:789.3,790.60 2 0
github.com/vmware-tanzu/tanzu-source-controller/dies/source/v1alpha1/zz_generated.die.go:790.60,791.14 1 0
github.com/vmware-tanzu/tanzu-source-controller/dies/source/v1alpha1/zz_generated.die.go:793.3,794.17 2 0
github.com/vmware-tanzu/tanzu-source-controller/dies/source/v1alpha1/zz_generated.die.go:794.17,797.4 1 0
github.com/vmware-tanzu/tanzu-source-controller/dies/source/v1alpha1/zz_generated.die.go:798.3,798.28 1 0
github.com/vmware-tanzu/tanzu-source-controller/dies/source/v1alpha1/zz_generated.die.go:798.28,802.37 3 0
github.com/vmware-tanzu/tanzu-source-controller/dies/source/v1alpha1/zz_generated.die.go:802.37,804.5 1 0
github.com/vmware-tanzu/tanzu-source-controller/dies/source/v1alpha1/zz_generated.die.go:804.10,804.67 1 0
github.com/vmware-tanzu/tanzu-source-controller/dies/source/v1alpha1/zz_generated.die.go:804.67,806.5 1 0
github.com/vmware-tanzu/tanzu-source-controller/dies/source/v1alpha1/zz_generated.die.go:806.10,807.106 1 0
github.com/vmware-tanzu/tanzu-source-controller/dies/source/v1alpha1/zz_generated.die.go:810.4,810.35 1 0
github.com/vmware-tanzu/tanzu-source-controller/dies/source/v1alpha1/zz_generated.die.go:816.112,818.25 2 0
github.com/vmware-tanzu/tanzu-source-controller/dies/source/v1alpha1/zz_generated.die.go:818.25,819.16 1 0
github.com/vmware-tanzu/tanzu-source-controller/dies/source/v1alpha1/zz_generated.die.go:819.16,821.4 1 0
github.com/vmware-tanzu/tanzu-source-controller/dies/source/v1alpha1/zz_generated.die.go:823.2,823.35 1 0
github.com/vmware-tanzu/tanzu-source-controller/dies/source/v1alpha1/zz_generated.die.go:827.73,834.2 2 0
github.com/vmware-tanzu/tanzu-source-controller/dies/source/v1alpha1/zz_generated.die.go:837.72,839.2 1 0
github.com/vmware-tanzu/tanzu-source-controller/dies/source/v1alpha1/zz_generated.die.go:842.114,843.16 1 0
github.com/vmware-tanzu/tanzu-source-controller/dies/source/v1alpha1/zz_generated.die.go:843.16,845.3 1 0
github.com/vmware-tanzu/tanzu-source-controller/dies/source/v1alpha1/zz_generated.die.go:846.2,847.10 2 0
github.com/vmware-tanzu/tanzu-source-controller/dies/source/v1alpha1/zz_generated.die.go:851.118,852.14 1 0
github.com/vmware-tanzu/tanzu-source-controller/dies/source/v1alpha1/zz_generated.die.go:852.14,854.3 1 0
github.com/vmware-tanzu/tanzu-source-controller/dies/source/v1alpha1/zz_generated.die.go:855.2,855.26 1 0
github.com/vmware-tanzu/tanzu-source-controller/dies/source/v1alpha1/zz_generated.die.go:859.90,861.2 1 0
github.com/vmware-tanzu/tanzu-source-controller/dies/source/v1alpha1/zz_generated.die.go:864.94,867.2 2 0
github.com/vmware-tanzu/tanzu-source-controller/dies/source/v1alpha1/zz_generated.die.go:870.71,872.2 1 0
github.com/vmware-tanzu/tanzu-source-controller/dies/source/v1alpha1/zz_generated.die.go:875.88,877.2 1 0
github.com/vmware-tanzu/tanzu-source-controller/dies/source/v1alpha1/zz_generated.die.go:879.84,880.66 1 0
github.com/vmware-tanzu/tanzu-source-controller/dies/source/v1alpha1/zz_generated.die.go:880.66,882.3 1 0
github.com/vmware-tanzu/tanzu-source-controller/dies/source/v1alpha1/zz_generated.die.go:888.76,889.66 1 0
github.com/vmware-tanzu/tanzu-source-controller/dies/source/v1alpha1/zz_generated.die.go:889.66,891.3 1 0
github.com/vmware-tanzu/tanzu-source-controller/dies/source/v1alpha1/zz_generated.die.go:895.99,896.66 1 0
github.com/vmware-tanzu/tanzu-source-controller/dies/source/v1alpha1/zz_generated.die.go:896.66,898.3 1 0
github.com/vmware-tanzu/tanzu-source-controller/dies/source/v1alpha1/zz_generated.die.go:910.65,911.29 1 0
github.com/vmware-tanzu/tanzu-source-controller/dies/source/v1alpha1/zz_generated.die.go:911.29,913.3 1 0
github.com/vmware-tanzu/tanzu-source-controller/dies/source/v1alpha1/zz_generated.die.go:914.2,916.10 3 0
github.com/vmware-tanzu/tanzu-source-controller/dies/source/v1alpha1/zz_generated.die.go:920.71,921.15 1 1
github.com/vmware-tanzu/tanzu-source-controller/dies/source/v1alpha1/zz_generated.die.go:921.15,924.3 2 0
github.com/vmware-tanzu/tanzu-source-controller/dies/source/v1alpha1/zz_generated.die.go:925.2,929.3 1 1
github.com/vmware-tanzu/tanzu-source-controller/dies/source/v1alpha1/zz_generated.die.go:933.75,934.14 1 0
github.com/vmware-tanzu/tanzu-source-controller/dies/source/v1alpha1/zz_generated.die.go:934.14,936.3 1 0
github.com/vmware-tanzu/tanzu-source-controller/dies/source/v1alpha1/zz_generated.die.go:937.2,937.22 1 0
github.com/vmware-tanzu/tanzu-source-controller/dies/source/v1alpha1/zz_generated.die.go:941.58,943.46 2 0
github.com/vmware-tanzu/tanzu-source-controller/dies/source/v1alpha1/zz_generated.die.go:943.46,944.13 1 0
github.com/vmware-tanzu/tanzu-source-controller/dies/source/v1alpha1/zz_generated.die.go:946.2,946.21 1 0
github.com/vmware-tanzu/tanzu-source-controller/dies/source/v1alpha1/zz_generated.die.go:950.58,952.46 2 0
github.com/vmware-tanzu/tanzu-source-controller/dies/source/v1alpha1/zz_generated.die.go:952.46,953.13 1 0
github.com/vmware-tanzu/tanzu-source-controller/dies/source/v1alpha1/zz_generated.die.go:955.2,955.21 1 0
github.com/vmware-tanzu/tanzu-source-controller/dies/source/v1alpha1/zz_generated.die.go:959.65,961.16 2 0
github.com/vmware-tanzu/tanzu-source-controller/dies/source/v1alpha1/zz_generated.die.go:961.16,962.13 1 0
github.com/vmware-tanzu/tanzu-source-controller/dies/source/v1alpha1/zz_generated.die.go:964.2,964.25 1 0
github.com/vmware-tanzu/tanzu-source-controller/dies/source/v1alpha1/zz_generated.die.go:968.82,970.16 2 0
github.com/vmware-tanzu/tanzu-source-controller/dies/source/v1alpha1/zz_generated.die.go:970.16,971.13 1 0
github.com/vmware-tanzu/tanzu-source-controller/dies/source/v1alpha1/zz_generated.die.go:973.2,973.25 1 0
github.com/vmware-tanzu/tanzu-source-controller/dies/source/v1alpha1/zz_generated.die.go:977.60,978.15 1 0
github.com/vmware-tanzu/tanzu-source-controller/dies/source/v1alpha1/zz_generated.die.go:978.15,980.3 1 0
github.com/vmware-tanzu/tanzu-source-controller/dies/source/v1alpha1/zz_generated.die.go:981.2,981.24 1 0
github.com/vmware-tanzu/tanzu-source-controller/dies/source/v1alpha1/zz_generated.die.go:985.64,988.2 2 0
github.com/vmware-tanzu/tanzu-source-controller/dies/source/v1alpha1/zz_generated.die.go:991.47,994.16 3 0
github.com/vmware-tanzu/tanzu-source-controller/dies/source/v1alpha1/zz_generated.die.go:994.16,995.13 1 0
github.com/vmware-tanzu/tanzu-source-controller/dies/source/v1alpha1/zz_generated.die.go:997.2,997.10 1 0
github.com/vmware-tanzu/tanzu-source-controller/dies/source/v1alpha1/zz_generated.die.go:1001.47,1004.16 3 0
github.com/vmware-tanzu/tanzu-source-controller/dies/source/v1alpha1/zz_generated.die.go:1004.16,1005.13 1 0
github.com/vmware-tanzu/tanzu-source-controller/dies/source/v1alpha1/zz_generated.die.go:1007.2,1007.10 1 0
github.com/vmware-tanzu/tanzu-source-controller/dies/source/v1alpha1/zz_generated.die.go:1011.69,1014.48 3 0
github.com/vmware-tanzu/tanzu-source-controller/dies/source/v1alpha1/zz_generated.die.go:1014.48,1015.13 1 0
github.com/vmware-tanzu/tanzu-source-controller/dies/source/v1alpha1/zz_generated.die.go:1017.2,1017.12 1 0
github.com/vmware-tanzu/tanzu-source-controller/dies/source/v1alpha1/zz_generated.die.go:1021.82,1025.2 3 0
github.com/vmware-tanzu/tanzu-source-controller/dies/source/v1alpha1/zz_generated.die.go:1030.74,1031.53 1 0
github.com/vmware-tanzu/tanzu-source-controller/dies/source/v1alpha1/zz_generated.die.go:1031.53,1032.57 1 0
github.com/vmware-tanzu/tanzu-source-controller/dies/source/v1alpha1/zz_generated.die.go:1032.57,1033.86 1 0
github.com/vmware-tanzu/tanzu-source-controller/dies/source/v1alpha1/zz_generated.die.go:1035.3,1035.58 1 0
github.com/vmware-tanzu/tanzu-source-controller/dies/source/v1alpha1/zz_generated.die.go:1035.58,1036.87 1 0
github.com/vmware-tanzu/tanzu-source-controller/dies/source/v1alpha1/zz_generated.die.go:1039.3,1040.60 2 0
github.com/vmware-tanzu/tanzu-source-controller/dies/source/v1alpha1/zz_generated.die.go:1040.60,1041.14 1 0
github.com/vmware-tanzu/tanzu-source-controller/dies/source/v1alpha1/zz_generated.die.go:1043.3,1044.17 2 0
github.com/vmware-tanzu/tanzu-source-controller/dies/source/v1alpha1/zz_generated.die.go:1044.17,1047.4 1 0
github.com/vmware-tanzu/tanzu-source-controller/dies/source/v1alpha1/zz_generated.die.go:1048.3,1048.28 1 0
github.com/vmware-tanzu/tanzu-source-controller/dies/source/v1alpha1/zz_generated.die.go:1048.28,1052.37 3 0
github.com/vmware-tanzu/tanzu-source-controller/dies/source/v1alpha1/zz_generated.die.go:1052.37,1054.5 1 0
github.com/vmware-tanzu/tanzu-source-controller/dies/source/v1alpha1/zz_generated.die.go:1054.10,1054.67 1 0
github.com/vmware-tanzu/tanzu-source-controller/dies/source/v1alpha1/zz_generated.die.go:1054.67,1056.5 1 0
github.com/vmware-tanzu/tanzu-source-controller/dies/source/v1alpha1/zz_generated.die.go:1056.10,1057.106 1 0
github.com/vmware-tanzu/tanzu-source-controller/dies/source/v1alpha1/zz_generated.die.go:1060.4,1060.35 1 0
github.com/vmware-tanzu/tanzu-source-controller/dies/source/v1alpha1/zz_generated.die.go:1066.73,1068.25 2 0
github.com/vmware-tanzu/tanzu-source-controller/dies/source/v1alpha1/zz_generated.die.go:1068.25,1069.16 1 0
github.com/vmware-tanzu/tanzu-source-controller/dies/source/v1alpha1/zz_generated.die.go:1069.16,1071.4 1 0
github.com/vmware-tanzu/tanzu-source-controller/dies/source/v1alpha1/zz_generated.die.go:1073.2,1073.35 1 0
github.com/vmware-tanzu/tanzu-source-controller/dies/source/v1alpha1/zz_generated.die.go:1077.47,1084.2 2 0
github.com/vmware-tanzu/tanzu-source-controller/dies/source/v1alpha1/zz_generated.die.go:1087.46,1089.2 1 0
github.com/vmware-tanzu/tanzu-source-controller/dies/source/v1alpha1/zz_generated.die.go:1092.75,1093.16 1 0
github.com/vmware-tanzu/tanzu-source-controller/dies/source/v1alpha1/zz_generated.die.go:1093.16,1095.3 1 0
github.com/vmware-tanzu/tanzu-source-controller/dies/source/v1alpha1/zz_generated.die.go:1096.2,1097.10 2 0
github.com/vmware-tanzu/tanzu-source-controller/dies/source/v1alpha1/zz_generated.die.go:1101.79,1102.14 1 0
github.com/vmware-tanzu/tanzu-source-controller/dies/source/v1alpha1/zz_generated.die.go:1102.14,1104.3 1 0
github.com/vmware-tanzu/tanzu-source-controller/dies/source/v1alpha1/zz_generated.die.go:1105.2,1105.26 1 0
github.com/vmware-tanzu/tanzu-source-controller/dies/source/v1alpha1/zz_generated.die.go:1109.64,1111.2 1 0
github.com/vmware-tanzu/tanzu-source-controller/dies/source/v1alpha1/zz_generated.die.go:1114.68,1117.2 2 0
github.com/vmware-tanzu/tanzu-source-controller/dies/source/v1alpha1/zz_generated.die.go:1120.58,1122.2 1 0
github.com/vmware-tanzu/tanzu-source-controller/dies/source/v1alpha1/zz_generated.die.go:1125.75,1127.2 1 0
github.com/vmware-tanzu/tanzu-source-controller/dies/source/v1alpha1/zz_generated.die.go:1130.51,1131.53 1 0
github.com/vmware-tanzu/tanzu-source-controller/dies/source/v1alpha1/zz_generated.die.go:1131.53,1133.3 1 0
github.com/vmware-tanzu/tanzu-source-controller/dies/source/v1alpha1/zz_generated.die.go:1137.50,1138.53 1 0
github.com/vmware-tanzu/tanzu-source-controller/dies/source/v1alpha1/zz_generated.die.go:1138.53,1140.3 1 0
github.com/vmware-tanzu/tanzu-source-controller/dies/source/v1alpha1/zz_generated.die.go:1148.55,1149.53 1 0
github.com/vmware-tanzu/tanzu-source-controller/dies/source/v1alpha1/zz_generated.die.go:1149.53,1151.3 1 0
github.com/vmware-tanzu/tanzu-source-controller/dies/source/v1alpha1/zz_generated.die.go:1155.55,1156.53 1 0
github.com/vmware-tanzu/tanzu-source-controller/dies/source/v1alpha1/zz_generated.die.go:1156.53,1158.3 1 0
github.com/vmware-tanzu/tanzu-source-controller/dies/source/v1alpha1/zz_generated.die.go:1164.66,1165.53 1 0
github.com/vmware-tanzu/tanzu-source-controller/dies/source/v1alpha1/zz_generated.die.go:1165.53,1167.3 1 0
github.com/vmware-tanzu/tanzu-source-controller/dies/source/v1alpha1/zz_generated.die.go:1180.75,1181.29 1 0
github.com/vmware-tanzu/tanzu-source-controller/dies/source/v1alpha1/zz_generated.die.go:1181.29,1183.3 1 0
github.com/vmware-tanzu/tanzu-source-controller/dies/source/v1alpha1/zz_generated.die.go:1184.2,1186.10 3 0
github.com/vmware-tanzu/tanzu-source-controller/dies/source/v1alpha1/zz_generated.die.go:1190.86,1191.15 1 1
github.com/vmware-tanzu/tanzu-source-controller/dies/source/v1alpha1/zz_generated.die.go:1191.15,1195.3 3 0
github.com/vmware-tanzu/tanzu-source-controller/dies/source/v1alpha1/zz_generated.die.go:1196.2,1201.3 1 1
github.com/vmware-tanzu/tanzu-source-controller/dies/source/v1alpha1/zz_generated.die.go:1205.90,1206.14 1 0
github.com/vmware-tanzu/tanzu-source-controller/dies/source/v1alpha1/zz_generated.die.go:1206.14,1208.3 1 0
github.com/vmware-tanzu/tanzu-source-controller/dies/source/v1alpha1/zz_generated.die.go:1209.2,1209.22 1 0
github.com/vmware-tanzu/tanzu-source-controller/dies/source/v1alpha1/zz_generated.die.go:1213.68,1215.46 2 0
github.com/vmware-tanzu/tanzu-source-controller/dies/source/v1alpha1/zz_generated.die.go:1215.46,1216.13 1 0
github.com/vmware-tanzu/tanzu-source-controller/dies/source/v1alpha1/zz_generated.die.go:1218.2,1218.21 1 0
github.com/vmware-tanzu/tanzu-source-controller/dies/source/v1alpha1/zz_generated.die.go:1222.68,1224.46 2 0
github.com/vmware-tanzu/tanzu-source-controller/dies/source/v1alpha1/zz_generated.die.go:1224.46,1225.13 1 0
github.com/vmware-tanzu/tanzu-source-controller/dies/source/v1alpha1/zz_generated.die.go:1227.2,1227.21 1 0
github.com/vmware-tanzu/tanzu-source-controller/dies/source/v1alpha1/zz_generated.die.go:1231.75,1233.16 2 0
github.com/vmware-tanzu/tanzu-source-controller/dies/source/v1alpha1/zz_generated.die.go:1233.16,1234.13 1 0
github.com/vmware-tanzu/tanzu-source-controller/dies/source/v1alpha1/zz_generated.die.go:1236.2,1236.25 1 0
github.com/vmware-tanzu/tanzu-source-controller/dies/source/v1alpha1/zz_generated.die.go:1240.92,1242.16 2 0
github.com/vmware-tanzu/tanzu-source-controller/dies/source/v1alpha1/zz_generated.die.go:1242.16,1243.13 1 0
github.com/vmware-tanzu/tanzu-source-controller/dies/source/v1alpha1/zz_generated.die.go:1245.2,1245.25 1 0
github.com/vmware-tanzu/tanzu-source-controller/dies/source/v1alpha1/zz_generated.die.go:1249.70,1250.15 1 0
github.com/vmware-tanzu/tanzu-source-controller/dies/source/v1alpha1/zz_generated.die.go:1250.15,1252.3 1 0
github.com/vmware-tanzu/tanzu-source-controller/dies/source/v1alpha1/zz_generated.die.go:1253.2,1253.24 1 0
github.com/vmware-tanzu/tanzu-source-controller/dies/source/v1alpha1/zz_generated.die.go:1257.74,1260.2 2 0
github.com/vmware-tanzu/tanzu-source-controller/dies/source/v1alpha1/zz_generated.die.go:1263.80,1266.16 3 0
github.com/vmware-tanzu/tanzu-source-controller/dies/source/v1alpha1/zz_generated.die.go:1266.16,1267.13 1 0
github.com/vmware-tanzu/tanzu-source-controller/dies/source/v1alpha1/zz_generated.die.go:1269.2,1271.3 1 0
github.com/vmware-tanzu/tanzu-source-controller/dies/source/v1alpha1/zz_generated.die.go:1275.52,1278.16 3 0
github.com/vmware-tanzu/tanzu-source-controller/dies/source/v1alpha1/zz_generated.die.go:1278.16,1279.13 1 0
github.com/vmware-tanzu/tanzu-source-controller/dies/source/v1alpha1/zz_generated.die.go:1281.2,1281.10 1 0
github.com/vmware-tanzu/tanzu-source-controller/dies/source/v1alpha1/zz_generated.die.go:1285.52,1288.16 3 0
github.com/vmware-tanzu/tanzu-source-controller/dies/source/v1alpha1/zz_generated.die.go:1288.16,1289.13 1 0
github.com/vmware-tanzu/tanzu-source-controller/dies/source/v1alpha1/zz_generated.die.go:1291.2,1291.10 1 0
github.com/vmware-tanzu/tanzu-source-controller/dies/source/v1alpha1/zz_generated.die.go:1295.74,1298.48 3 0
github.com/vmware-tanzu/tanzu-source-controller/dies/source/v1alpha1/zz_generated.die.go:1298.48,1299.13 1 0
github.com/vmware-tanzu/tanzu-source-controller/dies/source/v1alpha1/zz_generated.die.go:1301.2,1301.12 1 0
github.com/vmware-tanzu/tanzu-source-controller/dies/source/v1alpha1/zz_generated.die.go:1305.97,1309.2 3 0
github.com/vmware-tanzu/tanzu-source-controller/dies/source/v1alpha1/zz_generated.die.go:1314.84,1315.58 1 0
github.com/vmware-tanzu/tanzu-source-controller/dies/source/v1alpha1/zz_generated.die.go:1315.58,1316.57 1 0
github.com/vmware-tanzu/tanzu-source-controller/dies/source/v1alpha1/zz_generated.die.go:1316.57,1317.86 1 0
github.com/vmware-tanzu/tanzu-source-controller/dies/source/v1alpha1/zz_generated.die.go:1319.3,1319.58 1 0
github.com/vmware-tanzu/tanzu-source-controller/dies/source/v1alpha1/zz_generated.die.go:1319.58,1320.87 1 0
github.com/vmware-tanzu/tanzu-source-controller/dies/source/v1alpha1/zz_generated.die.go:1323.3,1324.60 2 0
github.com/vmware-tanzu/tanzu-source-controller/dies/source/v1alpha1/zz_generated.die.go:1324.60,1325.14 1 0
github.com/vmware-tanzu/tanzu-source-controller/dies/source/v1alpha1/zz_generated.die.go:1327.3,1328.17 2 0
github.com/vmware-tanzu/tanzu-source-controller/dies/source/v1alpha1/zz_generated.die.go:1328.17,1331.4 1 0
github.com/vmware-tanzu/tanzu-source-controller/dies/source/v1alpha1/zz_generated.die.go:1332.3,1332.28 1 0
github.com/vmware-tanzu/tanzu-source-controller/dies/source/v1alpha1/zz_generated.die.go:1332.28,1336.37 3 0
github.com/vmware-tanzu/tanzu-source-controller/dies/source/v1alpha1/zz_generated.die.go:1336.37,1338.5 1 0
github.com/vmware-tanzu/tanzu-source-controller/dies/source/v1alpha1/zz_generated.die.go:1338.10,1338.67 1 0
github.com/vmware-tanzu/tanzu-source-controller/dies/source/v1alpha1/zz_generated.die.go:1338.67,1340.5 1 0
github.com/vmware-tanzu/tanzu-source-controller/dies/source/v1alpha1/zz_generated.die.go:1340.10,1341.106 1 0
github.com/vmware-tanzu/tanzu-source-controller/dies/source/v1alpha1/zz_generated.die.go:1344.4,1344.35 1 0
github.com/vmware-tanzu/tanzu-source-controller/dies/source/v1alpha1/zz_generated.die.go:1350.88,1352.25 2 0
github.com/vmware-tanzu/tanzu-source-controller/dies/source/v1alpha1/zz_generated.die.go:1352.25,1353.16 1 0
github.com/vmware-tanzu/tanzu-source-controller/dies/source/v1alpha1/zz_generated.die.go:1353.16,1355.4 1 0
github.com/vmware-tanzu/tanzu-source-controller/dies/source/v1alpha1/zz_generated.die.go:1357.2,1357.35 1 0
github.com/vmware-tanzu/tanzu-source-controller/dies/source/v1alpha1/zz_generated.die.go:1361.57,1369.2 2 0
github.com/vmware-tanzu/tanzu-source-controller/dies/source/v1alpha1/zz_generated.die.go:1372.56,1374.2 1 0
github.com/vmware-tanzu/tanzu-source-controller/dies/source/v1alpha1/zz_generated.die.go:1377.90,1378.16 1 0
github.com/vmware-tanzu/tanzu-source-controller/dies/source/v1alpha1/zz_generated.die.go:1378.16,1380.3 1 0
github.com/vmware-tanzu/tanzu-source-controller/dies/source/v1alpha1/zz_generated.die.go:1381.2,1382.10 2 0
github.com/vmware-tanzu/tanzu-source-controller/dies/source/v1alpha1/zz_generated.die.go:1386.94,1387.14 1 0
github.com/vmware-tanzu/tanzu-source-controller/dies/source/v1alpha1/zz_generated.die.go:1387.14,1389.3 1 0
github.com/vmware-tanzu/tanzu-source-controller/dies/source/v1alpha1/zz_generated.die.go:1390.2,1390.26 1 0
github.com/vmware-tanzu/tanzu-source-controller/dies/source/v1alpha1/zz_generated.die.go:1394.74,1396.2 1 0
github.com/vmware-tanzu/tanzu-source-controller/dies/source/v1alpha1/zz_generated.die.go:1399.78,1402.2 2 0
github.com/vmware-tanzu/tanzu-source-controller/dies/source/v1alpha1/zz_generated.die.go:1405.63,1407.2 1 0
github.com/vmware-tanzu/tanzu-source-controller/dies/source/v1alpha1/zz_generated.die.go:1410.80,1412.2 1 0
github.com/vmware-tanzu/tanzu-source-controller/dies/source/v1alpha1/zz_generated.die.go:1416.60,1418.2 1 0
github.com/vmware-tanzu/tanzu-source-controller/dies/source/v1alpha1/zz_generated.die.go:1420.62,1423.2 2 0
github.com/vmware-tanzu/tanzu-source-controller/dies/source/v1alpha1/zz_generated.die.go:1425.58,1427.2 1 0
github.com/vmware-tanzu/tanzu-source-controller/dies/source/v1alpha1/zz_generated.die.go:1429.58,1430.16 1 0
github.com/vmware-tanzu/tanzu-source-controller/dies/source/v1alpha1/zz_generated.die.go:1430.16,1432.3 1 0
github.com/vmware-tanzu/tanzu-source-controller/dies/source/v1alpha1/zz_generated.die.go:1433.2,1436.12 4 0
github.com/vmware-tanzu/tanzu-source-controller/dies/source/v1alpha1/zz_generated.die.go:1440.67,1441.58 1 0
github.com/vmware-tanzu/tanzu-source-controller/dies/source/v1alpha1/zz_generated.die.go:1441.58,1443.3 1 0
github.com/vmware-tanzu/tanzu-source-controller/dies/source/v1alpha1/zz_generated.die.go:1447.61,1448.58 1 0
github.com/vmware-tanzu/tanzu-source-controller/dies/source/v1alpha1/zz_generated.die.go:1448.58,1450.3 1 0
github.com/vmware-tanzu/tanzu-source-controller/dies/source/v1alpha1/zz_generated.die.go:1454.78,1455.58 1 0
github.com/vmware-tanzu/tanzu-source-controller/dies/source/v1alpha1/zz_generated.die.go:1455.58,1457.3 1 0
github.com/vmware-tanzu/tanzu-source-controller/dies/source/v1alpha1/zz_generated.die.go:1461.90,1462.58 1 0
github.com/vmware-tanzu/tanzu-source-controller/dies/source/v1alpha1/zz_generated.die.go:1462.58,1466.3 3 0
github.com/vmware-tanzu/tanzu-source-controller/dies/source/v1alpha1/zz_generated.die.go:1470.76,1471.58 1 0
github.com/vmware-tanzu/tanzu-source-controller/dies/source/v1alpha1/zz_generated.die.go:1471.58,1473.3 1 0
github.com/vmware-tanzu/tanzu-source-controller/dies/source/v1alpha1/zz_generated.die.go:1477.88,1478.58 1 0
github.com/vmware-tanzu/tanzu-source-controller/dies/source/v1alpha1/zz_generated.die.go:1478.58,1482.3 3 0
github.com/vmware-tanzu/tanzu-source-controller/dies/source/v1alpha1/zz_generated.die.go:1486.88,1487.58 1 0
github.com/vmware-tanzu/tanzu-source-controller/dies/source/v1alpha1/zz_generated.die.go:1487.58,1491.3 3 0
github.com/vmware-tanzu/tanzu-source-controller/dies/source/v1alpha1/zz_generated.die.go:1495.92,1496.58 1 0
github.com/vmware-tanzu/tanzu-source-controller/dies/source/v1alpha1/zz_generated.die.go:1496.58,1500.3 3 0
github.com/vmware-tanzu/tanzu-source-controller/dies/source/v1alpha1/zz_generated.die.go:1503.87,1504.58 1 0
github.com/vmware-tanzu/tanzu-source-controller/dies/source/v1alpha1/zz_generated.die.go:1504.58,1506.3 1 0
github.com/vmware-tanzu/tanzu-source-controller/dies/source/v1alpha1/zz_generated.die.go:1509.91,1510.58 1 0
github.com/vmware-tanzu/tanzu-source-controller/dies/source/v1alpha1/zz_generated.die.go:1510.58,1512.3 1 0
github.com/vmware-tanzu/tanzu-source-controller/dies/source/v1alpha1/zz_generated.die.go:1524.83,1525.29 1 0
github.com/vmware-tanzu/tanzu-source-controller/dies/source/v1alpha1/zz_generated.die.go:1525.29,1527.3 1 0
github.com/vmware-tanzu/tanzu-source-controller/dies/source/v1alpha1/zz_generated.die.go:1528.2,1530.10 3 0
github.com/vmware-tanzu/tanzu-source-controller/dies/source/v1alpha1/zz_generated.die.go:1534.98,1535.15 1 1
github.com/vmware-tanzu/tanzu-source-controller/dies/source/v1alpha1/zz_generated.die.go:1535.15,1538.3 2 0
github.com/vmware-tanzu/tanzu-source-controller/dies/source/v1alpha1/zz_generated.die.go:1539.2,1543.3 1 1
github.com/vmware-tanzu/tanzu-source-controller/dies/source/v1alpha1/zz_generated.die.go:1547.102,1548.14 1 0
github.com/vmware-tanzu/tanzu-source-controller/dies/source/v1alpha1/zz_generated.die.go:1548.14,1550.3 1 0
github.com/vmware-tanzu/tanzu-source-controller/dies/source/v1alpha1/zz_generated.die.go:1551.2,1551.22 1 0
github.com/vmware-tanzu/tanzu-source-controller/dies/source/v1alpha1/zz_generated.die.go:1555.76,1557.46 2 0
github.com/vmware-tanzu/tanzu-source-controller/dies/source/v1alpha1/zz_generated.die.go:1557.46,1558.13 1 0
github.com/vmware-tanzu/tanzu-source-controller/dies/source/v1alpha1/zz_generated.die.go:1560.2,1560.21 1 0
github.com/vmware-tanzu/tanzu-source-controller/dies/source/v1alpha1/zz_generated.die.go:1564.76,1566.46 2 0
github.com/vmware-tanzu/tanzu-source-controller/dies/source/v1alpha1/zz_generated.die.go:1566.46,1567.13 1 0
github.com/vmware-tanzu/tanzu-source-controller/dies/source/v1alpha1/zz_generated.die.go:1569.2,1569.21 1 0
github.com/vmware-tanzu/tanzu-source-controller/dies/source/v1alpha1/zz_generated.die.go:1573.83,1575.16 2 0
github.com/vmware-tanzu/tanzu-source-controller/dies/source/v1alpha1/zz_generated.die.go:1575.16,1576.13 1 0
github.com/vmware-tanzu/tanzu-source-controller/dies/source/v1alpha1/zz_generated.die.go:1578.2,1578.25 1 0
github.com/vmware-tanzu/tanzu-source-controller/dies/source/v1alpha1/zz_generated.die.go:1582.100,1584.16 2 0
github.com/vmware-tanzu/tanzu-source-controller/dies/source/v1alpha1/zz_generated.die.go:1584.16,1585.13 1 0
github.com/vmware-tanzu/tanzu-source-controller/dies/source/v1alpha1/zz_generated.die.go:1587.2,1587.25 1 0
github.com/vmware-tanzu/tanzu-source-controller/dies/source/v1alpha1/zz_generated.die.go:1591.78,1592.15 1 0
github.com/vmware-tanzu/tanzu-source-controller/dies/source/v1alpha1/zz_generated.die.go:1592.15,1594.3 1 0
github.com/vmware-tanzu/tanzu-source-controller/dies/source/v1alpha1/zz_generated.die.go:1595.2,1595.24 1 0
github.com/vmware-tanzu/tanzu-source-controller/dies/source/v1alpha1/zz_generated.die.go:1599.82,1602.2 2 0
github.com/vmware-tanzu/tanzu-source-controller/dies/source/v1alpha1/zz_generated.die.go:1605.56,1608.16 3 0
github.com/vmware-tanzu/tanzu-source-controller/dies/source/v1alpha1/zz_generated.die.go:1608.16,1609.13 1 0
github.com/vmware-tanzu/tanzu-source-controller/dies/source/v1alpha1/zz_generated.die.go:1611.2,1611.10 1 0
github.com/vmware-tanzu/tanzu-source-controller/dies/source/v1alpha1/zz_generated.die.go:1615.56,1618.16 3 0
github.com/vmware-tanzu/tanzu-source-controller/dies/source/v1alpha1/zz_generated.die.go:1618.16,1619.13 1 0
github.com/vmware-tanzu/tanzu-source-controller/dies/source/v1alpha1/zz_generated.die.go:1621.2,1621.10 1 0
github.com/vmware-tanzu/tanzu-source-controller/dies/source/v1alpha1/zz_generated.die.go:1625.78,1628.48 3 0
github.com/vmware-tanzu/tanzu-source-controller/dies/source/v1alpha1/zz_generated.die.go:1628.48,1629.13 1 0
github.com/vmware-tanzu/tanzu-source-controller/dies/source/v1alpha1/zz_generated.die.go:1631.2,1631.12 1 0
github.com/vmware-tanzu/tanzu-source-controller/dies/source/v1alpha1/zz_generated.die.go:1635.109,1639.2 3 0
github.com/vmware-tanzu/tanzu-source-controller/dies/source/v1alpha1/zz_generated.die.go:1644.92,1645.62 1 0
github.com/vmware-tanzu/tanzu-source-controller/dies/source/v1alpha1/zz_generated.die.go:1645.62,1646.57 1 0
github.com/vmware-tanzu/tanzu-source-controller/dies/source/v1alpha1/zz_generated.die.go:1646.57,1647.86 1 0
github.com/vmware-tanzu/tanzu-source-controller/dies/source/v1alpha1/zz_generated.die.go:1649.3,1649.58 1 0
github.com/vmware-tanzu/tanzu-source-controller/dies/source/v1alpha1/zz_generated.die.go:1649.58,1650.87 1 0
github.com/vmware-tanzu/tanzu-source-controller/dies/source/v1alpha1/zz_generated.die.go:1653.3,1654.60 2 0
github.com/vmware-tanzu/tanzu-source-controller/dies/source/v1alpha1/zz_generated.die.go:1654.60,1655.14 1 0
github.com/vmware-tanzu/tanzu-source-controller/dies/source/v1alpha1/zz_generated.die.go:1657.3,1658.17 2 0
github.com/vmware-tanzu/tanzu-source-controller/dies/source/v1alpha1/zz_generated.die.go:1658.17,1661.4 1 0
github.com/vmware-tanzu/tanzu-source-controller/dies/source/v1alpha1/zz_generated.die.go:1662.3,1662.28 1 0
github.com/vmware-tanzu/tanzu-source-controller/dies/source/v1alpha1/zz_generated.die.go:1662.28,1666.37 3 0
github.com/vmware-tanzu/tanzu-source-controller/dies/source/v1alpha1/zz_generated.die.go:1666.37,1668.5 1 0
github.com/vmware-tanzu/tanzu-source-controller/dies/source/v1alpha1/zz_generated.die.go:1668.10,1668.67 1 0
github.com/vmware-tanzu/tanzu-source-controller/dies/source/v1alpha1/zz_generated.die.go:1668.67,1670.5 1 0
github.com/vmware-tanzu/tanzu-source-controller/dies/source/v1alpha1/zz_generated.die.go:1670.10,1671.106 1 0
github.com/vmware-tanzu/tanzu-source-controller/dies/source/v1alpha1/zz_generated.die.go:1674.4,1674.35 1 0
github.com/vmware-tanzu/tanzu-source-controller/dies/source/v1alpha1/zz_generated.die.go:1680.100,1682.25 2 0
github.com/vmware-tanzu/tanzu-source-controller/dies/source/v1alpha1/zz_generated.die.go:1682.25,1683.16 1 0
github.com/vmware-tanzu/tanzu-source-controller/dies/source/v1alpha1/zz_generated.die.go:1683.16,1685.4 1 0
github.com/vmware-tanzu/tanzu-source-controller/dies/source/v1alpha1/zz_generated.die.go:1687.2,1687.35 1 0
github.com/vmware-tanzu/tanzu-source-controller/dies/source/v1alpha1/zz_generated.die.go:1691.65,1698.2 2 0
github.com/vmware-tanzu/tanzu-source-controller/dies/source/v1alpha1/zz_generated.die.go:1701.64,1703.2 1 0
github.com/vmware-tanzu/tanzu-source-controller/dies/source/v1alpha1/zz_generated.die.go:1706.102,1707.16 1 0
github.com/vmware-tanzu/tanzu-source-controller/dies/source/v1alpha1/zz_generated.die.go:1707.16,1709.3 1 0
github.com/vmware-tanzu/tanzu-source-controller/dies/source/v1alpha1/zz_generated.die.go:1710.2,1711.10 2 0
github.com/vmware-tanzu/tanzu-source-controller/dies/source/v1alpha1/zz_generated.die.go:1715.106,1716.14 1 0
github.com/vmware-tanzu/tanzu-source-controller/dies/source/v1alpha1/zz_generated.die.go:1716.14,1718.3 1 0
github.com/vmware-tanzu/tanzu-source-controller/dies/source/v1alpha1/zz_generated.die.go:1719.2,1719.26 1 0
github.com/vmware-tanzu/tanzu-source-controller/dies/source/v1alpha1/zz_generated.die.go:1723.82,1725.2 1 0
github.com/vmware-tanzu/tanzu-source-controller/dies/source/v1alpha1/zz_generated.die.go:1728.86,1731.2 2 0
github.com/vmware-tanzu/tanzu-source-controller/dies/source/v1alpha1/zz_generated.die.go:1734.67,1736.2 1 0
github.com/vmware-tanzu/tanzu-source-controller/dies/source/v1alpha1/zz_generated.die.go:1739.84,1741.2 1 0
github.com/vmware-tanzu/tanzu-source-controller/dies/source/v1alpha1/zz_generated.die.go:1744.99,1745.62 1 0
github.com/vmware-tanzu/tanzu-source-controller/dies/source/v1alpha1/zz_generated.die.go:1745.62,1747.3 1 0
github.com/vmware-tanzu/tanzu-source-controller/dies/source/v1alpha1/zz_generated.die.go:1751.94,1752.62 1 0
github.com/vmware-tanzu/tanzu-source-controller/dies/source/v1alpha1/zz_generated.die.go:1752.62,1754.3 1 0
github.com/vmware-tanzu/tanzu-source-controller/dies/source/v1alpha1/zz_generated.die.go:1758.82,1759.62 1 0
github.com/vmware-tanzu/tanzu-source-controller/dies/source/v1alpha1/zz_generated.die.go:1759.62,1761.3 1 0
github.com/vmware-tanzu/tanzu-source-controller/dies/source/v1alpha1/zz_generated.die.go:1767.82,1768.62 1 0
github.com/vmware-tanzu/tanzu-source-controller/dies/source/v1alpha1/zz_generated.die.go:1768.62,1770.3 1 0
github.com/vmware-tanzu/tanzu-source-controller/dies/source/v1alpha1/zz_generated.die.go:1782.87,1783.29 1 0
github.com/vmware-tanzu/tanzu-source-controller/dies/source/v1alpha1/zz_generated.die.go:1783.29,1785.3 1 0
github.com/vmware-tanzu/tanzu-source-controller/dies/source/v1alpha1/zz_generated.die.go:1786.2,1788.10 3 0
github.com/vmware-tanzu/tanzu-source-controller/dies/source/v1alpha1/zz_generated.die.go:1792.104,1793.15 1 1
github.com/vmware-tanzu/tanzu-source-controller/dies/source/v1alpha1/zz_generated.die.go:1793.15,1796.3 2 0
github.com/vmware-tanzu/tanzu-source-controller/dies/source/v1alpha1/zz_generated.die.go:1797.2,1801.3 1 1
github.com/vmware-tanzu/tanzu-source-controller/dies/source/v1alpha1/zz_generated.die.go:1805.108,1806.14 1 0
github.com/vmware-tanzu/tanzu-source-controller/dies/source/v1alpha1/zz_generated.die.go:1806.14,1808.3 1 0
github.com/vmware-tanzu/tanzu-source-controller/dies/source/v1alpha1/zz_generated.die.go:1809.2,1809.22 1 0
github.com/vmware-tanzu/tanzu-source-controller/dies/source/v1alpha1/zz_generated.die.go:1813.80,1815.46 2 0
github.com/vmware-tanzu/tanzu-source-controller/dies/source/v1alpha1/zz_generated.die.go:1815.46,1816.13 1 0
github.com/vmware-tanzu/tanzu-source-controller/dies/source/v1alpha1/zz_generated.die.go:1818.2,1818.21 1 0
github.com/vmware-tanzu/tanzu-source-controller/dies/source/v1alpha1/zz_generated.die.go:1822.80,1824.46 2 0
github.com/vmware-tanzu/tanzu-source-controller/dies/source/v1alpha1/zz_generated.die.go:1824.46,1825.13 1 0
github.com/vmware-tanzu/tanzu-source-controller/dies/source/v1alpha1/zz_generated.die.go:1827.2,1827.21 1 0
github.com/vmware-tanzu/tanzu-source-controller/dies/source/v1alpha1/zz_generated.die.go:1831.87,1833.16 2 0
github.com/vmware-tanzu/tanzu-source-controller/dies/source/v1alpha1/zz_generated.die.go:1833.16,1834.13 1 0
github.com/vmware-tanzu/tanzu-source-controller/dies/source/v1alpha1/zz_generated.die.go:1836.2,1836.25 1 0
github.com/vmware-tanzu/tanzu-source-controller/dies/source/v1alpha1/zz_generated.die.go:1840.104,1842.16 2 0
github.com/vmware-tanzu/tanzu-source-controller/dies/source/v1alpha1/zz_generated.die.go:1842.16,1843.13 1 0
github.com/vmware-tanzu/tanzu-source-controller/dies/source/v1alpha1/zz_generated.die.go:1845.2,1845.25 1 0
github.com/vmware-tanzu/tanzu-source-controller/dies/source/v1alpha1/zz_generated.die.go:1849.82,1850.15 1 0
github.com/vmware-tanzu/tanzu-source-controller/dies/source/v1alpha1/zz_generated.die.go:1850.15,1852.3 1 0
github.com/vmware-tanzu/tanzu-source-controller/dies/source/v1alpha1/zz_generated.die.go:1853.2,1853.24 1 0
github.com/vmware-tanzu/tanzu-source-controller/dies/source/v1alpha1/zz_generated.die.go:1857.86,1860.2 2 0
github.com/vmware-tanzu/tanzu-source-controller/dies/source/v1alpha1/zz_generated.die.go:1863.58,1866.16 3 0
github.com/vmware-tanzu/tanzu-source-controller/dies/source/v1alpha1/zz_generated.die.go:1866.16,1867.13 1 0
github.com/vmware-tanzu/tanzu-source-controller/dies/source/v1alpha1/zz_generated.die.go:1869.2,1869.10 1 0
github.com/vmware-tanzu/tanzu-source-controller/dies/source/v1alpha1/zz_generated.die.go:1873.58,1876.16 3 0
github.com/vmware-tanzu/tanzu-source-controller/dies/source/v1alpha1/zz_generated.die.go:1876.16,1877.13 1 0
github.com/vmware-tanzu/tanzu-source-controller/dies/source/v1alpha1/zz_generated.die.go:1879.2,1879.10 1 0
github.com/vmware-tanzu/tanzu-source-controller/dies/source/v1alpha1/zz_generated.die.go:1883.80,1886.48 3 0
github.com/vmware-tanzu/tanzu-source-controller/dies/source/v1alpha1/zz_generated.die.go:1886.48,1887.13 1 0
github.com/vmware-tanzu/tanzu-source-controller/dies/source/v1alpha1/zz_generated.die.go:1889.2,1889.12 1 0
github.com/vmware-tanzu/tanzu-source-controller/dies/source/v1alpha1/zz_generated.die.go:1893.115,1897.2 3 0
github.com/vmware-tanzu/tanzu-source-controller/dies/source/v1alpha1/zz_generated.die.go:1902.96,1903.64 1 0
github.com/vmware-tanzu/tanzu-source-controller/dies/source/v1alpha1/zz_generated.die.go:1903.64,1904.57 1 0
github.com/vmware-tanzu/tanzu-source-controller/dies/source/v1alpha1/zz_generated.die.go:1904.57,1905.86 1 0
github.com/vmware-tanzu/tanzu-source-controller/dies/source/v1alpha1/zz_generated.die.go:1907.3,1907.58 1 0
github.com/vmware-tanzu/tanzu-source-controller/dies/source/v1alpha1/zz_generated.die.go:1907.58,1908.87 1 0
github.com/vmware-tanzu/tanzu-source-controller/dies/source/v1alpha1/zz_generated.die.go:1911.3,1912.60 2 0
github.com/vmware-tanzu/tanzu-source-controller/dies/source/v1alpha1/zz_generated.die.go:1912.60,1913.14 1 0
github.com/vmware-tanzu/tanzu-source-controller/dies/source/v1alpha1/zz_generated.die.go:1915.3,1916.17 2 0
github.com/vmware-tanzu/tanzu-source-controller/dies/source/v1alpha1/zz_generated.die.go:1916.17,1919.4 1 0
github.com/vmware-tanzu/tanzu-source-controller/dies/source/v1alpha1/zz_generated.die.go:1920.3,1920.28 1 0
github.com/vmware-tanzu/tanzu-source-controller/dies/source/v1alpha1/zz_generated.die.go:1920.28,1924.37 3 0
github.com/vmware-tanzu/tanzu-source-controller/dies/source/v1alpha1/zz_generated.die.go:1924.37,1926.5 1 0
github.com/vmware-tanzu/tanzu-source-controller/dies/source/v1alpha1/zz_generated.die.go:1926.10,1926.67 1 0
github.com/vmware-tanzu/tanzu-source-controller/dies/source/v1alpha1/zz_generated.die.go:1926.67,1928.5 1 0
github.com/vmware-tanzu/tanzu-source-controller/dies/source/v1alpha1/zz_generated.die.go:1928.10,1929.106 1 0
github.com/vmware-tanzu/tanzu-source-controller/dies/source/v1alpha1/zz_generated.die.go:1932.4,1932.35 1 0
github.com/vmware-tanzu/tanzu-source-controller/dies/source/v1alpha1/zz_generated.die.go:1938.106,1940.25 2 0
github.com/vmware-tanzu/tanzu-source-controller/dies/source/v1alpha1/zz_generated.die.go:1940.25,1941.16 1 0
github.com/vmware-tanzu/tanzu-source-controller/dies/source/v1alpha1/zz_generated.die.go:1941.16,1943.4 1 0
github.com/vmware-tanzu/tanzu-source-controller/dies/source/v1alpha1/zz_generated.die.go:1945.2,1945.35 1 0
github.com/vmware-tanzu/tanzu-source-controller/dies/source/v1alpha1/zz_generated.die.go:1949.69,1956.2 2 0
github.com/vmware-tanzu/tanzu-source-controller/dies/source/v1alpha1/zz_generated.die.go:1959.68,1961.2 1 0
github.com/vmware-tanzu/tanzu-source-controller/dies/source/v1alpha1/zz_generated.die.go:1964.108,1965.16 1 0
github.com/vmware-tanzu/tanzu-source-controller/dies/source/v1alpha1/zz_generated.die.go:1965.16,1967.3 1 0
github.com/vmware-tanzu/tanzu-source-controller/dies/source/v1alpha1/zz_generated.die.go:1968.2,1969.10 2 0
github.com/vmware-tanzu/tanzu-source-controller/dies/source/v1alpha1/zz_generated.die.go:1973.112,1974.14 1 0
github.com/vmware-tanzu/tanzu-source-controller/dies/source/v1alpha1/zz_generated.die.go:1974.14,1976.3 1 0
github.com/vmware-tanzu/tanzu-source-controller/dies/source/v1alpha1/zz_generated.die.go:1977.2,1977.26 1 0
github.com/vmware-tanzu/tanzu-source-controller/dies/source/v1alpha1/zz_generated.die.go:1981.86,1983.2 1 0
github.com/vmware-tanzu/tanzu-source-controller/dies/source/v1alpha1/zz_generated.die.go:1986.90,1989.2 2 0
github.com/vmware-tanzu/tanzu-source-controller/dies/source/v1alpha1/zz_generated.die.go:1992.69,1994.2 1 0
github.com/vmware-tanzu/tanzu-source-controller/dies/source/v1alpha1/zz_generated.die.go:1997.86,1999.2 1 0
github.com/vmware-tanzu/tanzu-source-controller/dies/source/v1alpha1/zz_generated.die.go:2001.80,2002.64 1 0
github.com/vmware-tanzu/tanzu-source-controller/dies/source/v1alpha1/zz_generated.die.go:2002.64,2004.3 1 0
github.com/vmware-tanzu/tanzu-source-controller/dies/source/v1alpha1/zz_generated.die.go:2010.72,2011.64 1 0
github.com/vmware-tanzu/tanzu-source-controller/dies/source/v1alpha1/zz_generated.die.go:2011.64,2013.3 1 0
github.com/vmware-tanzu/tanzu-source-controller/dies/source/v1alpha1/zz_generated.die.go:2017.95,2018.64 1 0
github.com/vmware-tanzu/tanzu-source-controller/dies/source/v1alpha1/zz_generated.die.go:2018.64,2020.3 1 0
github.com/vmware-tanzu/tanzu-source-controller/dies/source/v1alpha1/zz_generated.die.go:2032.83,2033.29 1 0
github.com/vmware-tanzu/tanzu-source-controller/dies/source/v1alpha1/zz_generated.die.go:2033.29,2035.3 1 0
github.com/vmware-tanzu/tanzu-source-controller/dies/source/v1alpha1/zz_generated.die.go:2036.2,2038.10 3 0
github.com/vmware-tanzu/tanzu-source-controller/dies/source/v1alpha1/zz_generated.die.go:2042.98,2043.15 1 1
github.com/vmware-tanzu/tanzu-source-controller/dies/source/v1alpha1/zz_generated.die.go:2043.15,2046.3 2 0
github.com/vmware-tanzu/tanzu-source-controller/dies/source/v1alpha1/zz_generated.die.go:2047.2,2051.3 1 1
github.com/vmware-tanzu/tanzu-source-controller/dies/source/v1alpha1/zz_generated.die.go:2055.102,2056.14 1 0
github.com/vmware-tanzu/tanzu-source-controller/dies/source/v1alpha1/zz_generated.die.go:2056.14,2058.3 1 0
github.com/vmware-tanzu/tanzu-source-controller/dies/source/v1alpha1/zz_generated.die.go:2059.2,2059.22 1 0
github.com/vmware-tanzu/tanzu-source-controller/dies/source/v1alpha1/zz_generated.die.go:2063.76,2065.46 2 0
github.com/vmware-tanzu/tanzu-source-controller/dies/source/v1alpha1/zz_generated.die.go:2065.46,2066.13 1 0
github.com/vmware-tanzu/tanzu-source-controller/dies/source/v1alpha1/zz_generated.die.go:2068.2,2068.21 1 0
github.com/vmware-tanzu/tanzu-source-controller/dies/source/v1alpha1/zz_generated.die.go:2072.76,2074.46 2 0
github.com/vmware-tanzu/tanzu-source-controller/dies/source/v1alpha1/zz_generated.die.go:2074.46,2075.13 1 0
github.com/vmware-tanzu/tanzu-source-controller/dies/source/v1alpha1/zz_generated.die.go:2077.2,2077.21 1 0
[...]
github.com/vmware-tanzu/tanzu-source-controller/controllers/mavenartifact_controller.go:177.4,177.33 1 1
github.com/vmware-tanzu/tanzu-source-controller/controllers/mavenartifact_controller.go:177.33,181.5 2 0
github.com/vmware-tanzu/tanzu-source-controller/controllers/mavenartifact_controller.go:184.4,189.50 2 1
github.com/vmware-tanzu/tanzu-source-controller/controllers/mavenartifact_controller.go:189.50,191.49 1 1
github.com/vmware-tanzu/tanzu-source-controller/controllers/mavenartifact_controller.go:191.49,195.6 2 0
github.com/vmware-tanzu/tanzu-source-controller/controllers/mavenartifact_controller.go:197.5,198.24 2 1
github.com/vmware-tanzu/tanzu-source-controller/controllers/mavenartifact_controller.go:198.24,201.60 2 1
github.com/vmware-tanzu/tanzu-source-controller/controllers/mavenartifact_controller.go:201.60,203.7 1 0
github.com/vmware-tanzu/tanzu-source-controller/controllers/mavenartifact_controller.go:205.6,205.37 1 1
github.com/vmware-tanzu/tanzu-source-controller/controllers/mavenartifact_controller.go:205.37,207.7 1 0
github.com/vmware-tanzu/tanzu-source-controller/controllers/mavenartifact_controller.go:209.6,209.37 1 1
github.com/vmware-tanzu/tanzu-source-controller/controllers/mavenartifact_controller.go:209.37,212.7 1 1
github.com/vmware-tanzu/tanzu-source-controller/controllers/mavenartifact_controller.go:212.12,212.44 1 1
github.com/vmware-tanzu/tanzu-source-controller/controllers/mavenartifact_controller.go:212.44,215.7 1 1
github.com/vmware-tanzu/tanzu-source-controller/controllers/mavenartifact_controller.go:215.12,219.7 1 0
github.com/vmware-tanzu/tanzu-source-controller/controllers/mavenartifact_controller.go:220.6,220.16 1 1
github.com/vmware-tanzu/tanzu-source-controller/controllers/mavenartifact_controller.go:223.5,226.15 3 1
github.com/vmware-tanzu/tanzu-source-controller/controllers/mavenartifact_controller.go:228.10,239.5 5 1
github.com/vmware-tanzu/tanzu-source-controller/controllers/mavenartifact_controller.go:244.153,247.83 1 1
github.com/vmware-tanzu/tanzu-source-controller/controllers/mavenartifact_controller.go:247.83,252.4 4 1
github.com/vmware-tanzu/tanzu-source-controller/controllers/mavenartifact_controller.go:253.79,257.27 3 1
github.com/vmware-tanzu/tanzu-source-controller/controllers/mavenartifact_controller.go:257.27,260.5 2 0
github.com/vmware-tanzu/tanzu-source-controller/controllers/mavenartifact_controller.go:262.4,263.21 2 1
github.com/vmware-tanzu/tanzu-source-controller/controllers/mavenartifact_controller.go:263.21,266.5 2 0
github.com/vmware-tanzu/tanzu-source-controller/controllers/mavenartifact_controller.go:268.4,274.18 5 1
github.com/vmware-tanzu/tanzu-source-controller/controllers/mavenartifact_controller.go:274.18,276.49 1 1
github.com/vmware-tanzu/tanzu-source-controller/controllers/mavenartifact_controller.go:276.49,280.6 2 0
github.com/vmware-tanzu/tanzu-source-controller/controllers/mavenartifact_controller.go:283.5,284.24 2 1
github.com/vmware-tanzu/tanzu-source-controller/controllers/mavenartifact_controller.go:284.24,287.60 2 1
github.com/vmware-tanzu/tanzu-source-controller/controllers/mavenartifact_controller.go:287.60,289.7 1 0
github.com/vmware-tanzu/tanzu-source-controller/controllers/mavenartifact_controller.go:291.6,291.37 1 1
github.com/vmware-tanzu/tanzu-source-controller/controllers/mavenartifact_controller.go:291.37,293.7 1 0
github.com/vmware-tanzu/tanzu-source-controller/controllers/mavenartifact_controller.go:294.6,294.37 1 1
github.com/vmware-tanzu/tanzu-source-controller/controllers/mavenartifact_controller.go:294.37,297.7 1 1
github.com/vmware-tanzu/tanzu-source-controller/controllers/mavenartifact_controller.go:297.12,297.44 1 1
github.com/vmware-tanzu/tanzu-source-controller/controllers/mavenartifact_controller.go:297.44,300.7 1 1
github.com/vmware-tanzu/tanzu-source-controller/controllers/mavenartifact_controller.go:300.12,304.7 1 0
github.com/vmware-tanzu/tanzu-source-controller/controllers/mavenartifact_controller.go:305.6,305.16 1 1
github.com/vmware-tanzu/tanzu-source-controller/controllers/mavenartifact_controller.go:308.5,310.15 2 0
github.com/vmware-tanzu/tanzu-source-controller/controllers/mavenartifact_controller.go:314.4,316.18 3 1
github.com/vmware-tanzu/tanzu-source-controller/controllers/mavenartifact_controller.go:316.18,319.5 2 0
github.com/vmware-tanzu/tanzu-source-controller/controllers/mavenartifact_controller.go:322.4,322.53 1 1
github.com/vmware-tanzu/tanzu-source-controller/controllers/mavenartifact_controller.go:322.53,323.93 1 1
github.com/vmware-tanzu/tanzu-source-controller/controllers/mavenartifact_controller.go:323.93,326.6 2 1
github.com/vmware-tanzu/tanzu-source-controller/controllers/mavenartifact_controller.go:326.11,328.6 1 0
github.com/vmware-tanzu/tanzu-source-controller/controllers/mavenartifact_controller.go:332.4,332.32 1 1
github.com/vmware-tanzu/tanzu-source-controller/controllers/mavenartifact_controller.go:332.32,334.5 1 0
github.com/vmware-tanzu/tanzu-source-controller/controllers/mavenartifact_controller.go:336.4,337.18 2 1
github.com/vmware-tanzu/tanzu-source-controller/controllers/mavenartifact_controller.go:337.18,339.5 1 0
github.com/vmware-tanzu/tanzu-source-controller/controllers/mavenartifact_controller.go:340.4,344.18 3 1
github.com/vmware-tanzu/tanzu-source-controller/controllers/mavenartifact_controller.go:344.18,345.49 1 1
github.com/vmware-tanzu/tanzu-source-controller/controllers/mavenartifact_controller.go:345.49,349.6 2 0
github.com/vmware-tanzu/tanzu-source-controller/controllers/mavenartifact_controller.go:351.5,352.24 2 1
github.com/vmware-tanzu/tanzu-source-controller/controllers/mavenartifact_controller.go:352.24,355.60 2 1
github.com/vmware-tanzu/tanzu-source-controller/controllers/mavenartifact_controller.go:355.60,357.7 1 0
github.com/vmware-tanzu/tanzu-source-controller/controllers/mavenartifact_controller.go:359.6,359.37 1 1
github.com/vmware-tanzu/tanzu-source-controller/controllers/mavenartifact_controller.go:359.37,361.7 1 0
github.com/vmware-tanzu/tanzu-source-controller/controllers/mavenartifact_controller.go:362.6,362.37 1 1
github.com/vmware-tanzu/tanzu-source-controller/controllers/mavenartifact_controller.go:362.37,365.7 1 0
github.com/vmware-tanzu/tanzu-source-controller/controllers/mavenartifact_controller.go:365.12,365.44 1 1
github.com/vmware-tanzu/tanzu-source-controller/controllers/mavenartifact_controller.go:365.44,368.7 1 1
github.com/vmware-tanzu/tanzu-source-controller/controllers/mavenartifact_controller.go:368.12,372.7 1 0
github.com/vmware-tanzu/tanzu-source-controller/controllers/mavenartifact_controller.go:373.6,373.16 1 1
github.com/vmware-tanzu/tanzu-source-controller/controllers/mavenartifact_controller.go:376.5,379.15 2 0
github.com/vmware-tanzu/tanzu-source-controller/controllers/mavenartifact_controller.go:383.4,384.18 2 1
github.com/vmware-tanzu/tanzu-source-controller/controllers/mavenartifact_controller.go:384.18,386.5 1 0
github.com/vmware-tanzu/tanzu-source-controller/controllers/mavenartifact_controller.go:387.4,391.35 3 1
github.com/vmware-tanzu/tanzu-source-controller/controllers/mavenartifact_controller.go:391.35,393.19 2 1
github.com/vmware-tanzu/tanzu-source-controller/controllers/mavenartifact_controller.go:393.19,398.6 3 0
github.com/vmware-tanzu/tanzu-source-controller/controllers/mavenartifact_controller.go:401.4,403.18 3 1
github.com/vmware-tanzu/tanzu-source-controller/controllers/mavenartifact_controller.go:403.18,405.5 1 0
github.com/vmware-tanzu/tanzu-source-controller/controllers/mavenartifact_controller.go:407.4,410.64 2 1
github.com/vmware-tanzu/tanzu-source-controller/controllers/mavenartifact_controller.go:410.64,413.5 2 0
github.com/vmware-tanzu/tanzu-source-controller/controllers/mavenartifact_controller.go:416.4,417.18 2 1
github.com/vmware-tanzu/tanzu-source-controller/controllers/mavenartifact_controller.go:417.18,419.5 1 0
github.com/vmware-tanzu/tanzu-source-controller/controllers/mavenartifact_controller.go:421.4,425.92 3 1
github.com/vmware-tanzu/tanzu-source-controller/controllers/mavenartifact_controller.go:425.92,427.5 1 0
github.com/vmware-tanzu/tanzu-source-controller/controllers/mavenartifact_controller.go:430.4,434.93 2 1
github.com/vmware-tanzu/tanzu-source-controller/controllers/mavenartifact_controller.go:434.93,436.5 1 0
github.com/vmware-tanzu/tanzu-source-controller/controllers/mavenartifact_controller.go:438.4,448.14 4 1
github.com/vmware-tanzu/tanzu-source-controller/controllers/mavenartifact_controller.go:453.97,456.117 1 1
github.com/vmware-tanzu/tanzu-source-controller/controllers/mavenartifact_controller.go:456.117,458.4 1 1
github.com/vmware-tanzu/tanzu-source-controller/controllers/mavenartifact_controller.go:462.94,466.23 3 1
github.com/vmware-tanzu/tanzu-source-controller/controllers/mavenartifact_controller.go:466.23,469.3 2 1
github.com/vmware-tanzu/tanzu-source-controller/controllers/mavenartifact_controller.go:470.2,470.25 1 1
github.com/vmware-tanzu/tanzu-source-controller/controllers/mavenartifact_controller.go:473.140,475.16 2 1
github.com/vmware-tanzu/tanzu-source-controller/controllers/mavenartifact_controller.go:475.16,477.3 1 0
github.com/vmware-tanzu/tanzu-source-controller/controllers/mavenartifact_controller.go:479.2,479.21 1 1
github.com/vmware-tanzu/tanzu-source-controller/controllers/mavenartifact_controller.go:479.21,482.3 1 1
github.com/vmware-tanzu/tanzu-source-controller/controllers/mavenartifact_controller.go:483.2,483.21 1 1
github.com/vmware-tanzu/tanzu-source-controller/controllers/mavenartifact_controller.go:486.115,489.16 2 1
github.com/vmware-tanzu/tanzu-source-controller/controllers/mavenartifact_controller.go:489.16,491.3 1 1
github.com/vmware-tanzu/tanzu-source-controller/controllers/mavenartifact_controller.go:494.2,495.16 2 1
github.com/vmware-tanzu/tanzu-source-controller/controllers/mavenartifact_controller.go:495.16,497.3 1 1
github.com/vmware-tanzu/tanzu-source-controller/controllers/mavenartifact_controller.go:499.2,499.24 1 1
github.com/vmware-tanzu/tanzu-source-controller/controllers/mavenartifact_controller.go:502.93,505.16 2 1
github.com/vmware-tanzu/tanzu-source-controller/controllers/mavenartifact_controller.go:505.16,507.3 1 1
github.com/vmware-tanzu/tanzu-source-controller/controllers/mavenartifact_controller.go:508.2,508.30 1 1
github.com/vmware-tanzu/tanzu-source-controller/controllers/mavenartifact_controller.go:511.139,514.16 3 1
github.com/vmware-tanzu/tanzu-source-controller/controllers/mavenartifact_controller.go:514.16,516.3 1 0
github.com/vmware-tanzu/tanzu-source-controller/controllers/mavenartifact_controller.go:517.2,518.16 2 1
github.com/vmware-tanzu/tanzu-source-controller/controllers/mavenartifact_controller.go:518.16,520.3 1 0
github.com/vmware-tanzu/tanzu-source-controller/controllers/mavenartifact_controller.go:521.2,525.16 3 1
github.com/vmware-tanzu/tanzu-source-controller/controllers/mavenartifact_controller.go:525.16,527.3 1 0
github.com/vmware-tanzu/tanzu-source-controller/controllers/mavenartifact_controller.go:530.2,531.16 2 1
github.com/vmware-tanzu/tanzu-source-controller/controllers/mavenartifact_controller.go:531.16,533.3 1 0
github.com/vmware-tanzu/tanzu-source-controller/controllers/mavenartifact_controller.go:534.2,537.61 2 1
github.com/vmware-tanzu/tanzu-source-controller/controllers/mavenartifact_controller.go:537.61,539.3 1 1
github.com/vmware-tanzu/tanzu-source-controller/controllers/mavenartifact_controller.go:542.2,543.16 2 1
github.com/vmware-tanzu/tanzu-source-controller/controllers/mavenartifact_controller.go:543.16,545.3 1 0
github.com/vmware-tanzu/tanzu-source-controller/controllers/mavenartifact_controller.go:547.2,551.16 3 1
github.com/vmware-tanzu/tanzu-source-controller/controllers/mavenartifact_controller.go:551.16,553.3 1 0
github.com/vmware-tanzu/tanzu-source-controller/controllers/mavenartifact_controller.go:555.2,555.30 1 1
github.com/vmware-tanzu/tanzu-source-controller/controllers/mavenartifact_controller.go:555.30,557.3 1 0
github.com/vmware-tanzu/tanzu-source-controller/controllers/mavenartifact_controller.go:558.2,558.25 1 1
github.com/vmware-tanzu/tanzu-source-controller/controllers/mavenartifact_controller.go:561.85,564.16 2 1
github.com/vmware-tanzu/tanzu-source-controller/controllers/mavenartifact_controller.go:564.16,566.3 1 0
github.com/vmware-tanzu/tanzu-source-controller/controllers/mavenartifact_controller.go:569.2,571.16 2 1
github.com/vmware-tanzu/tanzu-source-controller/controllers/mavenartifact_controller.go:571.16,573.3 1 0
github.com/vmware-tanzu/tanzu-source-controller/controllers/mavenartifact_controller.go:574.2,577.82 2 1
github.com/vmware-tanzu/tanzu-source-controller/controllers/mavenartifact_controller.go:577.82,579.3 1 1
github.com/vmware-tanzu/tanzu-source-controller/controllers/mavenartifact_controller.go:582.2,583.16 2 1
github.com/vmware-tanzu/tanzu-source-controller/controllers/mavenartifact_controller.go:583.16,585.3 1 0
github.com/vmware-tanzu/tanzu-source-controller/controllers/mavenartifact_controller.go:587.2,587.26 1 1
github.com/vmware-tanzu/tanzu-source-controller/controllers/mavenartifact_controller.go:590.68,592.2 1 1
github.com/vmware-tanzu/tanzu-source-controller/controllers/mavenartifact_controller.go:594.59,597.9 2 1
github.com/vmware-tanzu/tanzu-source-controller/controllers/mavenartifact_controller.go:597.9,599.3 1 0
github.com/vmware-tanzu/tanzu-source-controller/controllers/mavenartifact_controller.go:600.2,600.15 1 1
github.com/vmware-tanzu/tanzu-source-controller/controllers/mavenartifact_controller.go:603.69,605.2 1 1
github.com/vmware-tanzu/tanzu-source-controller/controllers/mavenartifact_controller.go:607.61,609.9 2 1
github.com/vmware-tanzu/tanzu-source-controller/controllers/mavenartifact_controller.go:609.9,611.3 1 1
github.com/vmware-tanzu/tanzu-source-controller/controllers/mavenartifact_controller.go:612.2,612.20 1 1
github.com/vmware-tanzu/tanzu-source-controller/controllers/mavenartifact_controller.go:615.81,617.2 1 1
github.com/vmware-tanzu/tanzu-source-controller/controllers/mavenartifact_controller.go:619.68,621.9 2 1
github.com/vmware-tanzu/tanzu-source-controller/controllers/mavenartifact_controller.go:621.9,623.3 1 0
github.com/vmware-tanzu/tanzu-source-controller/controllers/mavenartifact_controller.go:624.2,624.25 1 1
github.com/vmware-tanzu/tanzu-source-controller/controllers/mavenartifact_controller.go:627.46,629.16 2 1
github.com/vmware-tanzu/tanzu-source-controller/controllers/mavenartifact_controller.go:629.16,631.3 1 0
github.com/vmware-tanzu/tanzu-source-controller/controllers/mavenartifact_controller.go:632.2,636.16 4 1
github.com/vmware-tanzu/tanzu-source-controller/controllers/mavenartifact_controller.go:636.16,638.3 1 0
github.com/vmware-tanzu/tanzu-source-controller/controllers/mavenartifact_controller.go:639.2,641.38 2 1
github.com/vmware-tanzu/tanzu-source-controller/controllers/mavenartifact_controller.go:644.48,646.77 2 1
github.com/vmware-tanzu/tanzu-source-controller/controllers/mavenartifact_controller.go:646.77,648.3 1 0
github.com/vmware-tanzu/tanzu-source-controller/controllers/mavenartifact_controller.go:649.2,650.16 2 1
github.com/vmware-tanzu/tanzu-source-controller/controllers/mavenartifact_controller.go:650.16,652.3 1 0
github.com/vmware-tanzu/tanzu-source-controller/controllers/mavenartifact_controller.go:653.2,655.16 3 1
github.com/vmware-tanzu/tanzu-source-controller/controllers/mavenartifact_controller.go:655.16,657.3 1 0
github.com/vmware-tanzu/tanzu-source-controller/controllers/mavenartifact_controller.go:658.2,659.53 2 1
github.com/vmware-tanzu/tanzu-source-controller/controllers/mavenartifact_controller.go:659.53,661.3 1 0
github.com/vmware-tanzu/tanzu-source-controller/controllers/mavenartifact_controller.go:663.2,663.63 1 1
github.com/vmware-tanzu/tanzu-source-controller/controllers/mavenartifact_controller.go:663.63,665.3 1 0
github.com/vmware-tanzu/tanzu-source-controller/controllers/mavenartifact_controller.go:666.2,666.12 1 1
github.com/vmware-tanzu/tanzu-source-controller/controllers/mavenartifact_controller.go:669.77,671.16 2 1
github.com/vmware-tanzu/tanzu-source-controller/controllers/mavenartifact_controller.go:671.16,673.3 1 0
github.com/vmware-tanzu/tanzu-source-controller/controllers/mavenartifact_controller.go:675.2,676.69 2 1
github.com/vmware-tanzu/tanzu-source-controller/controllers/mavenartifact_controller.go:676.69,678.3 1 0
github.com/vmware-tanzu/tanzu-source-controller/controllers/mavenartifact_controller.go:680.2,682.39 2 1
github.com/vmware-tanzu/tanzu-source-controller/controllers/mavenartifact_controller.go:682.39,684.52 2 1
github.com/vmware-tanzu/tanzu-source-controller/controllers/mavenartifact_controller.go:684.52,686.4 1 0
github.com/vmware-tanzu/tanzu-source-controller/controllers/mavenartifact_controller.go:688.2,688.35 1 1
github.com/vmware-tanzu/tanzu-source-controller/controllers/mavenartifact_controller.go:691.57,692.29 1 1
github.com/vmware-tanzu/tanzu-source-controller/controllers/mavenartifact_controller.go:692.29,693.60 1 1
github.com/vmware-tanzu/tanzu-source-controller/controllers/mavenartifact_controller.go:693.60,695.4 1 0
github.com/vmware-tanzu/tanzu-source-controller/controllers/mavenartifact_controller.go:696.8,698.17 2 1
github.com/vmware-tanzu/tanzu-source-controller/controllers/mavenartifact_controller.go:698.17,700.4 1 0
github.com/vmware-tanzu/tanzu-source-controller/controllers/mavenartifact_controller.go:701.3,704.17 3 1
github.com/vmware-tanzu/tanzu-source-controller/controllers/mavenartifact_controller.go:704.17,706.4 1 0
github.com/vmware-tanzu/tanzu-source-controller/controllers/mavenartifact_controller.go:707.3,708.68 2 1
github.com/vmware-tanzu/tanzu-source-controller/controllers/mavenartifact_controller.go:708.68,710.4 1 0
github.com/vmware-tanzu/tanzu-source-controller/controllers/mavenartifact_controller.go:712.2,713.12 2 1
github.com/vmware-tanzu/tanzu-source-controller/controllers/mavenartifact_controller.go:716.72,718.16 2 1
github.com/vmware-tanzu/tanzu-source-controller/controllers/mavenartifact_controller.go:718.16,719.37 1 1
github.com/vmware-tanzu/tanzu-source-controller/controllers/mavenartifact_controller.go:719.37,721.4 1 1
github.com/vmware-tanzu/tanzu-source-controller/controllers/mavenartifact_controller.go:721.9,723.4 1 0
github.com/vmware-tanzu/tanzu-source-controller/controllers/mavenartifact_controller.go:726.2,729.8 1 1
github.com/vmware-tanzu/tanzu-source-controller/controllers/transport.go:40.40,41.18 1 1
github.com/vmware-tanzu/tanzu-source-controller/controllers/transport.go:41.18,43.3 1 0
github.com/vmware-tanzu/tanzu-source-controller/controllers/transport.go:44.2,44.26 1 1
github.com/vmware-tanzu/tanzu-source-controller/controllers/transport.go:44.26,50.3 2 1
github.com/vmware-tanzu/tanzu-source-controller/controllers/transport.go:51.2,51.19 1 1
github.com/vmware-tanzu/tanzu-source-controller/controllers/transport.go:56.79,60.38 3 1
github.com/vmware-tanzu/tanzu-source-controller/controllers/transport.go:60.38,62.3 1 0
github.com/vmware-tanzu/tanzu-source-controller/controllers/transport.go:63.2,64.16 2 1
github.com/vmware-tanzu/tanzu-source-controller/controllers/transport.go:64.16,67.3 2 0
github.com/vmware-tanzu/tanzu-source-controller/controllers/transport.go:68.2,69.29 2 1
github.com/vmware-tanzu/tanzu-source-controller/controllers/transport.go:69.29,71.17 2 1
github.com/vmware-tanzu/tanzu-source-controller/controllers/transport.go:71.17,73.4 1 0
github.com/vmware-tanzu/tanzu-source-controller/controllers/transport.go:74.3,74.21 1 1
github.com/vmware-tanzu/tanzu-source-controller/controllers/transport.go:74.21,75.12 1 1
github.com/vmware-tanzu/tanzu-source-controller/controllers/transport.go:77.3,77.76 1 1
github.com/vmware-tanzu/tanzu-source-controller/controllers/transport.go:77.76,79.4 1 0
github.com/vmware-tanzu/tanzu-source-controller/controllers/transport.go:81.2,81.23 1 1
